{"ts":1762534890777,"action":"PROJECT_OPENED","tags":{"PROJECT_NAME":"Little-ISMS-Helper"}}
{"ts":1762534891336,"action":"FILE_OPENED","file":"/README.md","tags":{"FILE_LINE_OF_CODE":"424"}}
{"ts":1762534994594,"action":"FILE_CLOSED","file":"/README.md","tags":{"FILE_LINE_OF_CODE":"424"}}
{"ts":1762534994594,"action":"FILE_OPENED","file":"/.env.local","tags":{"FILE_LINE_OF_CODE":"66"}}
{"ts":1762535017715,"action":"IDE_DEACTIVATED"}
{"ts":1762535026037,"action":"IDE_ACTIVATED"}
{"ts":1762535160072,"action":"IDE_DEACTIVATED"}
{"ts":1762535208746,"action":"IDE_ACTIVATED"}
{"ts":1762535239788,"action":"FILE_CLOSED","file":"/.env.local","tags":{"FILE_LINE_OF_CODE":"71"}}
{"ts":1762535239788,"action":"FILE_OPENED","file":"/README.md","tags":{"FILE_LINE_OF_CODE":"424"}}
{"ts":1762535307878,"action":"IDE_DEACTIVATED"}
{"ts":1762535376492,"action":"IDE_ACTIVATED"}
{"ts":1762535404622,"action":"IDE_DEACTIVATED"}
{"ts":1762535547289,"action":"IDE_ACTIVATED"}
{"ts":1762535582992,"action":"IDE_DEACTIVATED"}
{"ts":1762535605322,"action":"IDE_ACTIVATED"}
{"ts":1762535624796,"action":"IDE_DEACTIVATED"}
{"ts":1762600762096,"action":"IDE_ACTIVATED"}
{"ts":1762600778223,"action":"IDE_DEACTIVATED"}
{"ts":1762600794756,"action":"IDE_ACTIVATED"}
{"ts":1762600862475,"action":"IDE_DEACTIVATED"}
{"ts":1762600900340,"action":"IDE_ACTIVATED"}
{"ts":1762600919839,"action":"IDE_DEACTIVATED"}
{"ts":1762600938300,"action":"IDE_ACTIVATED"}
{"ts":1762600940467,"action":"IDE_DEACTIVATED"}
{"ts":1762600966939,"action":"IDE_ACTIVATED"}
{"ts":1762600987491,"action":"IDE_DEACTIVATED"}
{"ts":1762601000479,"action":"IDE_ACTIVATED"}
{"ts":1762601009546,"action":"IDE_DEACTIVATED"}
{"ts":1762601011308,"action":"IDE_ACTIVATED"}
{"ts":1762601017965,"action":"IDE_DEACTIVATED"}
{"ts":1762601217156,"action":"IDE_ACTIVATED"}
{"ts":1762601266352,"action":"IDE_DEACTIVATED"}
{"ts":1762601749408,"action":"IDE_ACTIVATED"}
{"ts":1762601753474,"action":"IDE_DEACTIVATED"}
{"ts":1762605310449,"action":"IDE_ACTIVATED"}
{"ts":1762605353036,"action":"IDE_DEACTIVATED"}
{"ts":1762605355680,"action":"IDE_ACTIVATED"}
{"ts":1762605362830,"action":"IDE_DEACTIVATED"}
{"ts":1762605737408,"action":"IDE_ACTIVATED"}
{"ts":1762605783197,"action":"IDE_DEACTIVATED"}
{"ts":1762606381195,"action":"IDE_ACTIVATED"}
{"ts":1762606437874,"action":"IDE_DEACTIVATED"}
{"ts":1762606606516,"action":"IDE_ACTIVATED"}
{"ts":1762606612146,"action":"IDE_DEACTIVATED"}
{"ts":1762607097266,"action":"IDE_ACTIVATED"}
{"ts":1762607164933,"action":"IDE_DEACTIVATED"}
{"ts":1762607493067,"action":"IDE_ACTIVATED"}
{"ts":1762607533656,"action":"IDE_DEACTIVATED"}
{"ts":1762607543505,"action":"IDE_ACTIVATED"}
{"ts":1762607545583,"action":"IDE_DEACTIVATED"}
{"ts":1762607794468,"action":"IDE_ACTIVATED"}
{"ts":1762607799838,"action":"IDE_DEACTIVATED"}
{"ts":1762607811572,"action":"IDE_ACTIVATED"}
{"ts":1762607943554,"action":"IDE_DEACTIVATED"}
{"ts":1762608102287,"action":"IDE_ACTIVATED"}
{"ts":1762608130705,"action":"IDE_DEACTIVATED"}
{"ts":1762608143225,"action":"IDE_ACTIVATED"}
{"ts":1762608156107,"action":"IDE_DEACTIVATED"}
{"ts":1762608358843,"action":"IDE_ACTIVATED"}
{"ts":1762608368380,"action":"IDE_DEACTIVATED"}
{"ts":1762609367958,"action":"IDE_ACTIVATED"}
{"ts":1762609398245,"action":"IDE_DEACTIVATED"}
{"ts":1762609632861,"action":"IDE_ACTIVATED"}
{"ts":1762609635590,"action":"IDE_DEACTIVATED"}
{"ts":1762610129276,"action":"IDE_ACTIVATED"}
{"ts":1762610137059,"action":"IDE_DEACTIVATED"}
{"ts":1762610189836,"action":"IDE_ACTIVATED"}
{"ts":1762610223496,"action":"IDE_DEACTIVATED"}
{"ts":1762611674944,"action":"IDE_ACTIVATED"}
{"ts":1762611703392,"action":"IDE_DEACTIVATED"}
{"ts":1762611843712,"action":"IDE_ACTIVATED"}
{"ts":1762611855294,"action":"IDE_DEACTIVATED"}
{"ts":1762612017170,"action":"IDE_ACTIVATED"}
{"ts":1762612027336,"action":"IDE_DEACTIVATED"}
{"ts":1762612044517,"action":"IDE_ACTIVATED"}
{"ts":1762612046093,"action":"IDE_DEACTIVATED"}
{"ts":1762612047710,"action":"IDE_ACTIVATED"}
{"ts":1762612049447,"action":"IDE_DEACTIVATED"}
{"ts":1762612347019,"action":"IDE_ACTIVATED"}
{"ts":1762612381851,"action":"IDE_DEACTIVATED"}
{"ts":1762620211887,"action":"IDE_ACTIVATED"}
{"ts":1762620221383,"action":"IDE_DEACTIVATED"}
{"ts":1762620262577,"action":"IDE_ACTIVATED"}
{"ts":1762620275016,"action":"IDE_DEACTIVATED"}
{"ts":1762623433402,"action":"IDE_ACTIVATED"}
{"ts":1762623440963,"action":"IDE_DEACTIVATED"}
{"ts":1762623455280,"action":"IDE_ACTIVATED"}
{"ts":1762623459165,"action":"IDE_DEACTIVATED"}
{"ts":1762623767013,"action":"IDE_ACTIVATED"}
{"ts":1762623769958,"action":"IDE_DEACTIVATED"}
{"ts":1762624620004,"action":"IDE_ACTIVATED"}
{"ts":1762624628962,"action":"IDE_DEACTIVATED"}
{"ts":1762625271584,"action":"IDE_ACTIVATED"}
{"ts":1762625282456,"action":"IDE_DEACTIVATED"}
{"ts":1762625387025,"action":"IDE_ACTIVATED"}
{"ts":1762625455083,"action":"IDE_DEACTIVATED"}
{"ts":1762634752977,"action":"IDE_ACTIVATED"}
{"ts":1762634778378,"action":"IDE_DEACTIVATED"}
{"ts":1762635335284,"action":"IDE_ACTIVATED"}
{"ts":1762635345182,"action":"IDE_DEACTIVATED"}
{"ts":1762636977820,"action":"IDE_ACTIVATED"}
{"ts":1762636984189,"action":"IDE_DEACTIVATED"}
{"ts":1762637447647,"action":"IDE_ACTIVATED"}
{"ts":1762637484918,"action":"IDE_DEACTIVATED"}
{"ts":1762638056913,"action":"IDE_ACTIVATED"}
{"ts":1762638057826,"action":"PROJECT_CLOSED","tags":{"PROJECT_NAME":"Little-ISMS-Helper"}}
{"ts":1762638540389,"action":"FILE_OPENED","file":"/README.md","tags":{"FILE_LINE_OF_CODE":"554"}}
{"ts":1762638539227,"action":"PROJECT_OPENED","tags":{"PROJECT_NAME":"Little-ISMS-Helper"}}
{"ts":1762638678264,"action":"IDE_ACTIVATED"}
{"ts":1762638684079,"action":"IDE_DEACTIVATED"}
{"ts":1762638854113,"action":"IDE_ACTIVATED"}
{"ts":1762638889917,"action":"IDE_DEACTIVATED"}
{"ts":1762640427225,"action":"IDE_ACTIVATED"}
{"ts":1762640439220,"action":"IDE_DEACTIVATED"}
{"ts":1762643541297,"action":"IDE_ACTIVATED"}
{"ts":1762643553740,"action":"IDE_DEACTIVATED"}
{"ts":1762643574597,"action":"IDE_ACTIVATED"}
{"ts":1762643598324,"action":"IDE_DEACTIVATED"}
{"ts":1762643624093,"action":"IDE_ACTIVATED"}
{"ts":1762643629240,"action":"IDE_DEACTIVATED"}
{"ts":1762643835881,"action":"IDE_ACTIVATED"}
{"ts":1762643865864,"action":"IDE_DEACTIVATED"}
{"ts":1762645495856,"action":"IDE_ACTIVATED"}
{"ts":1762645525661,"action":"IDE_DEACTIVATED"}
{"ts":1762761225421,"action":"IDE_ACTIVATED"}
{"ts":1762761229418,"action":"IDE_DEACTIVATED"}
{"ts":1762761368799,"action":"IDE_ACTIVATED"}
{"ts":1762761370473,"action":"IDE_DEACTIVATED"}
{"ts":1762763324138,"action":"IDE_ACTIVATED"}
{"ts":1762763330092,"action":"IDE_DEACTIVATED"}
{"ts":1762763360584,"action":"IDE_ACTIVATED"}
{"ts":1762763400241,"action":"IDE_DEACTIVATED"}
{"ts":1762763415317,"action":"IDE_ACTIVATED"}
{"ts":1762763434507,"action":"IDE_DEACTIVATED"}
{"ts":1762763659235,"action":"IDE_ACTIVATED"}
{"ts":1762763668532,"action":"IDE_DEACTIVATED"}
{"ts":1762768225982,"action":"IDE_ACTIVATED"}
{"ts":1762768228138,"action":"IDE_DEACTIVATED"}
{"ts":1762769270558,"action":"IDE_ACTIVATED"}
{"ts":1762769288365,"action":"IDE_DEACTIVATED"}
{"ts":1762769345980,"action":"IDE_ACTIVATED"}
{"ts":1762769347398,"action":"IDE_DEACTIVATED"}
{"ts":1762770255271,"action":"IDE_ACTIVATED"}
{"ts":1762770257252,"action":"IDE_DEACTIVATED"}
{"ts":1762770630363,"action":"IDE_ACTIVATED"}
{"ts":1762770634131,"action":"IDE_DEACTIVATED"}
{"ts":1762771117654,"action":"IDE_ACTIVATED"}
{"ts":1762771129970,"action":"IDE_DEACTIVATED"}
{"ts":1762771133045,"action":"IDE_ACTIVATED"}
{"ts":1762771134828,"action":"IDE_DEACTIVATED"}
{"ts":1762774238948,"action":"IDE_ACTIVATED"}
{"ts":1762774254555,"action":"IDE_DEACTIVATED"}
{"ts":1762774268278,"action":"IDE_ACTIVATED"}
{"ts":1762774270110,"action":"IDE_DEACTIVATED"}
{"ts":1762774568316,"action":"IDE_ACTIVATED"}
{"ts":1762774569995,"action":"IDE_DEACTIVATED"}
{"ts":1762774603112,"action":"IDE_ACTIVATED"}
{"ts":1762774604737,"action":"IDE_DEACTIVATED"}
{"ts":1762785376123,"action":"IDE_ACTIVATED"}
{"ts":1762785387576,"action":"IDE_DEACTIVATED"}
{"ts":1762787498155,"action":"IDE_ACTIVATED"}
{"ts":1762787500237,"action":"IDE_DEACTIVATED"}
{"ts":1762787547747,"action":"IDE_ACTIVATED"}
{"ts":1762787557879,"action":"IDE_DEACTIVATED"}
{"ts":1762787851097,"action":"IDE_ACTIVATED"}
{"ts":1762787852964,"action":"IDE_DEACTIVATED"}
{"ts":1762788659286,"action":"IDE_ACTIVATED"}
{"ts":1762788669793,"action":"IDE_DEACTIVATED"}
{"ts":1762789730211,"action":"IDE_ACTIVATED"}
{"ts":1762789733371,"action":"IDE_DEACTIVATED"}
{"ts":1762789816864,"action":"IDE_ACTIVATED"}
{"ts":1762789818684,"action":"IDE_DEACTIVATED"}
{"ts":1762790304315,"action":"IDE_ACTIVATED"}
{"ts":1762790314113,"action":"IDE_DEACTIVATED"}
{"ts":1762790323540,"action":"IDE_ACTIVATED"}
{"ts":1762790349940,"action":"IDE_DEACTIVATED"}
{"ts":1762790377215,"action":"IDE_ACTIVATED"}
{"ts":1762790386715,"action":"IDE_DEACTIVATED"}
{"ts":1762791393959,"action":"IDE_ACTIVATED"}
{"ts":1762791410254,"action":"IDE_DEACTIVATED"}
{"ts":1762795118857,"action":"IDE_ACTIVATED"}
{"ts":1762795124392,"action":"IDE_DEACTIVATED"}
{"ts":1762795999755,"action":"IDE_ACTIVATED"}
{"ts":1762796005206,"action":"IDE_DEACTIVATED"}
{"ts":1762801523850,"action":"IDE_ACTIVATED"}
{"ts":1762801526223,"action":"IDE_DEACTIVATED"}
{"ts":1762802433519,"action":"IDE_ACTIVATED"}
{"ts":1762802454887,"action":"IDE_DEACTIVATED"}
{"ts":1762802519372,"action":"IDE_ACTIVATED"}
{"ts":1762802577250,"action":"IDE_DEACTIVATED"}
{"ts":1762802959836,"action":"IDE_ACTIVATED"}
{"ts":1762803028584,"action":"IDE_DEACTIVATED"}
{"ts":1762803032401,"action":"IDE_ACTIVATED"}
{"ts":1762803086159,"action":"IDE_DEACTIVATED"}
{"ts":1762804817946,"action":"IDE_ACTIVATED"}
{"ts":1762804821480,"action":"IDE_DEACTIVATED"}
{"ts":1762805795727,"action":"IDE_ACTIVATED"}
{"ts":1762805797197,"action":"IDE_DEACTIVATED"}
{"ts":1762806060629,"action":"IDE_ACTIVATED"}
{"ts":1762806071426,"action":"IDE_DEACTIVATED"}
{"ts":1762806709603,"action":"IDE_ACTIVATED"}
{"ts":1762806712247,"action":"FILE_CLOSED","file":"/README.md","tags":{"FILE_LINE_OF_CODE":"617"}}
{"ts":1762806712247,"action":"FILE_OPENED","file":"/.env.local","tags":{"FILE_LINE_OF_CODE":"71"}}
{"ts":1762806718953,"action":"IDE_DEACTIVATED"}
{"ts":1762806725510,"action":"IDE_ACTIVATED"}
{"ts":1762806730661,"action":"IDE_DEACTIVATED"}
{"ts":1762806802083,"action":"IDE_ACTIVATED"}
{"ts":1762806808851,"action":"IDE_DEACTIVATED"}
{"ts":1762806883555,"action":"IDE_ACTIVATED"}
{"ts":1762806885281,"action":"IDE_DEACTIVATED"}
{"ts":1762807510157,"action":"IDE_ACTIVATED"}
{"ts":1762807514811,"action":"IDE_DEACTIVATED"}
{"ts":1762807769460,"action":"IDE_ACTIVATED"}
{"ts":1762807772742,"action":"IDE_DEACTIVATED"}
{"ts":1762808248644,"action":"IDE_ACTIVATED"}
{"ts":1762808254098,"action":"IDE_DEACTIVATED"}
{"ts":1762808256292,"action":"IDE_ACTIVATED"}
{"ts":1762808258075,"action":"IDE_DEACTIVATED"}
{"ts":1762809852694,"action":"IDE_ACTIVATED"}
{"ts":1762809861110,"action":"IDE_DEACTIVATED"}
{"ts":1762813944633,"action":"IDE_ACTIVATED"}
{"ts":1762813945787,"action":"IDE_DEACTIVATED"}
{"ts":1762814042132,"action":"IDE_ACTIVATED"}
{"ts":1762814043608,"action":"IDE_DEACTIVATED"}
{"ts":1762814047672,"action":"IDE_ACTIVATED"}
{"ts":1762814066146,"action":"IDE_DEACTIVATED"}
{"ts":1762815895803,"action":"IDE_ACTIVATED"}
{"ts":1762815897609,"action":"IDE_DEACTIVATED"}
{"ts":1762815979573,"action":"IDE_ACTIVATED"}
{"ts":1762815981430,"action":"IDE_DEACTIVATED"}
{"ts":1762816049218,"action":"IDE_ACTIVATED"}
{"ts":1762816050798,"action":"IDE_DEACTIVATED"}
{"ts":1762816224585,"action":"IDE_ACTIVATED"}
{"ts":1762816225925,"action":"IDE_DEACTIVATED"}
{"ts":1762816448894,"action":"IDE_ACTIVATED"}
{"ts":1762816458778,"action":"IDE_DEACTIVATED"}
{"ts":1762816468388,"action":"IDE_ACTIVATED"}
{"ts":1762816472140,"action":"IDE_DEACTIVATED"}
{"ts":1762816522793,"action":"IDE_ACTIVATED"}
{"ts":1762816541201,"action":"IDE_DEACTIVATED"}
{"ts":1762816819285,"action":"IDE_ACTIVATED"}
{"ts":1762816822960,"action":"IDE_DEACTIVATED"}
{"ts":1762818012892,"action":"IDE_ACTIVATED"}
{"ts":1762818014427,"action":"IDE_DEACTIVATED"}
{"ts":1762818235724,"action":"IDE_ACTIVATED"}
{"ts":1762818237137,"action":"IDE_DEACTIVATED"}
{"ts":1762819272661,"action":"IDE_ACTIVATED"}
{"ts":1762819273890,"action":"IDE_DEACTIVATED"}
{"ts":1762819555990,"action":"IDE_ACTIVATED"}
{"ts":1762819557903,"action":"IDE_DEACTIVATED"}
{"ts":1762819709387,"action":"IDE_ACTIVATED"}
{"ts":1762819711340,"action":"IDE_DEACTIVATED"}
{"ts":1762852962842,"action":"IDE_ACTIVATED"}
{"ts":1762852971410,"action":"IDE_DEACTIVATED"}
{"ts":1762853045392,"action":"IDE_ACTIVATED"}
{"ts":1762853050414,"action":"IDE_DEACTIVATED"}
{"ts":1762853624172,"action":"IDE_ACTIVATED"}
{"ts":1762853626760,"action":"IDE_DEACTIVATED"}
{"ts":1762854621218,"action":"IDE_ACTIVATED"}
{"ts":1762854623348,"action":"IDE_DEACTIVATED"}
{"ts":1762855886688,"action":"IDE_ACTIVATED"}
{"ts":1762855891742,"action":"IDE_DEACTIVATED"}
{"ts":1762859164612,"action":"IDE_ACTIVATED"}
{"ts":1762859169020,"action":"IDE_DEACTIVATED"}
{"ts":1762863103489,"action":"IDE_ACTIVATED"}
{"ts":1762863107844,"action":"IDE_DEACTIVATED"}
{"ts":1762863129608,"action":"IDE_ACTIVATED"}
{"ts":1762863156803,"action":"IDE_DEACTIVATED"}
{"ts":1762864136085,"action":"IDE_ACTIVATED"}
{"ts":1762864139730,"action":"IDE_DEACTIVATED"}
{"ts":1762864178437,"action":"IDE_ACTIVATED"}
{"ts":1762864185801,"action":"IDE_DEACTIVATED"}
{"ts":1762864805217,"action":"IDE_ACTIVATED"}
{"ts":1762864809044,"action":"IDE_DEACTIVATED"}
{"ts":1762865305076,"action":"IDE_ACTIVATED"}
{"ts":1762865348697,"action":"IDE_DEACTIVATED"}
{"ts":1762866068719,"action":"IDE_ACTIVATED"}
{"ts":1762866071780,"action":"IDE_DEACTIVATED"}
{"ts":1762871954826,"action":"IDE_ACTIVATED"}
{"ts":1762872023975,"action":"IDE_DEACTIVATED"}
{"ts":1762872243200,"action":"IDE_ACTIVATED"}
{"ts":1762872247686,"action":"IDE_DEACTIVATED"}
{"ts":1762872414079,"action":"IDE_ACTIVATED"}
{"ts":1762872432216,"action":"IDE_DEACTIVATED"}
{"ts":1762872602849,"action":"IDE_ACTIVATED"}
{"ts":1762872612323,"action":"IDE_DEACTIVATED"}
{"ts":1762872946318,"action":"IDE_ACTIVATED"}
{"ts":1762872982047,"action":"IDE_DEACTIVATED"}
{"ts":1762873299586,"action":"IDE_ACTIVATED"}
{"ts":1762873310098,"action":"IDE_DEACTIVATED"}
{"ts":1762873319877,"action":"IDE_ACTIVATED"}
{"ts":1762873347945,"action":"IDE_DEACTIVATED"}
{"ts":1762873665322,"action":"IDE_ACTIVATED"}
{"ts":1762873684754,"action":"IDE_DEACTIVATED"}
{"ts":1762873954921,"action":"IDE_ACTIVATED"}
{"ts":1762873958745,"action":"IDE_DEACTIVATED"}
{"ts":1762873980499,"action":"IDE_ACTIVATED"}
{"ts":1762873988862,"action":"IDE_DEACTIVATED"}
{"ts":1762874126273,"action":"IDE_ACTIVATED"}
{"ts":1762874134046,"action":"IDE_DEACTIVATED"}
{"ts":1762874312369,"action":"IDE_ACTIVATED"}
{"ts":1762874317167,"action":"IDE_DEACTIVATED"}
{"ts":1762874460770,"action":"IDE_ACTIVATED"}
{"ts":1762874471881,"action":"IDE_DEACTIVATED"}
{"ts":1762874595914,"action":"IDE_ACTIVATED"}
{"ts":1762874603843,"action":"IDE_DEACTIVATED"}
{"ts":1762874610335,"action":"IDE_ACTIVATED"}
{"ts":1762874616331,"action":"IDE_DEACTIVATED"}
{"ts":1762874745421,"action":"IDE_ACTIVATED"}
{"ts":1762874752703,"action":"IDE_DEACTIVATED"}
{"ts":1762874769893,"action":"IDE_ACTIVATED"}
{"ts":1762874782756,"action":"IDE_DEACTIVATED"}
{"ts":1762875049116,"action":"IDE_ACTIVATED"}
{"ts":1762875058163,"action":"IDE_DEACTIVATED"}
{"ts":1762875155794,"action":"IDE_ACTIVATED"}
{"ts":1762875176763,"action":"IDE_DEACTIVATED"}
{"ts":1762877164252,"action":"IDE_ACTIVATED"}
{"ts":1762877168093,"action":"IDE_DEACTIVATED"}
{"ts":1762877295265,"action":"IDE_ACTIVATED"}
{"ts":1762877315315,"action":"IDE_DEACTIVATED"}
{"ts":1762877321063,"action":"IDE_ACTIVATED"}
{"ts":1762877350716,"action":"IDE_DEACTIVATED"}
{"ts":1762877353000,"action":"IDE_ACTIVATED"}
{"ts":1762877387029,"action":"IDE_DEACTIVATED"}
{"ts":1762877389085,"action":"IDE_ACTIVATED"}
{"ts":1762877391431,"action":"IDE_DEACTIVATED"}
{"ts":1762885900711,"action":"IDE_ACTIVATED"}
{"ts":1762885910455,"action":"IDE_DEACTIVATED"}
{"ts":1762885916304,"action":"IDE_ACTIVATED"}
{"ts":1762885930042,"action":"IDE_DEACTIVATED"}
{"ts":1762885982064,"action":"IDE_ACTIVATED"}
{"ts":1762885991306,"action":"IDE_DEACTIVATED"}
{"ts":1762886307198,"action":"IDE_ACTIVATED"}
{"ts":1762886335304,"action":"IDE_DEACTIVATED"}
{"ts":1762886371076,"action":"IDE_ACTIVATED"}
{"ts":1762886387748,"action":"IDE_DEACTIVATED"}
{"ts":1762886453483,"action":"IDE_ACTIVATED"}
{"ts":1762886542588,"action":"IDE_DEACTIVATED"}
{"ts":1762886551591,"action":"IDE_ACTIVATED"}
{"ts":1762886555770,"action":"IDE_DEACTIVATED"}
{"ts":1762887540521,"action":"IDE_ACTIVATED"}
{"ts":1762887573127,"action":"IDE_DEACTIVATED"}
{"ts":1762887914250,"action":"IDE_ACTIVATED"}
{"ts":1762887941266,"action":"IDE_DEACTIVATED"}
{"ts":1762888240853,"action":"IDE_ACTIVATED"}
{"ts":1762888278484,"action":"IDE_DEACTIVATED"}
{"ts":1762888563753,"action":"IDE_ACTIVATED"}
{"ts":1762888612703,"action":"IDE_DEACTIVATED"}
{"ts":1762888629466,"action":"IDE_ACTIVATED"}
{"ts":1762888649976,"action":"IDE_DEACTIVATED"}
{"ts":1762888745489,"action":"IDE_ACTIVATED"}
{"ts":1762888747145,"action":"IDE_DEACTIVATED"}
{"ts":1762888852915,"action":"IDE_ACTIVATED"}
{"ts":1762888918046,"action":"IDE_DEACTIVATED"}
{"ts":1762889271201,"action":"IDE_ACTIVATED"}
{"ts":1762889310699,"action":"IDE_DEACTIVATED"}
{"ts":1762889558978,"action":"IDE_ACTIVATED"}
{"ts":1762889647574,"action":"IDE_DEACTIVATED"}
{"ts":1762889912637,"action":"IDE_ACTIVATED"}
{"ts":1762889938758,"action":"IDE_DEACTIVATED"}
{"ts":1762890052911,"action":"IDE_ACTIVATED"}
{"ts":1762890082294,"action":"IDE_DEACTIVATED"}
{"ts":1762890110885,"action":"IDE_ACTIVATED"}
{"ts":1762890136910,"action":"IDE_DEACTIVATED"}
{"ts":1762890397609,"action":"IDE_ACTIVATED"}
{"ts":1762890440762,"action":"IDE_DEACTIVATED"}
{"ts":1762890920565,"action":"IDE_ACTIVATED"}
{"ts":1762890929904,"action":"IDE_DEACTIVATED"}
{"ts":1762891318603,"action":"IDE_ACTIVATED"}
{"ts":1762891326935,"action":"IDE_DEACTIVATED"}
{"ts":1762891487938,"action":"IDE_ACTIVATED"}
{"ts":1762891494717,"action":"IDE_DEACTIVATED"}
{"ts":1762891791136,"action":"IDE_ACTIVATED"}
{"ts":1762891800081,"action":"IDE_DEACTIVATED"}
{"ts":1762892145746,"action":"IDE_ACTIVATED"}
{"ts":1762892147197,"action":"IDE_DEACTIVATED"}
{"ts":1762892888733,"action":"IDE_ACTIVATED"}
{"ts":1762892930848,"action":"IDE_DEACTIVATED"}
{"ts":1762894101935,"action":"IDE_ACTIVATED"}
{"ts":1762894103201,"action":"IDE_DEACTIVATED"}
{"ts":1762899463862,"action":"IDE_ACTIVATED"}
{"ts":1762899520567,"action":"IDE_DEACTIVATED"}
{"ts":1762899613051,"action":"IDE_ACTIVATED"}
{"ts":1762899669250,"action":"IDE_DEACTIVATED"}
{"ts":1762899892489,"action":"IDE_ACTIVATED"}
{"ts":1762899941761,"action":"IDE_DEACTIVATED"}
{"ts":1762900800999,"action":"IDE_ACTIVATED"}
{"ts":1762900804624,"action":"IDE_DEACTIVATED"}
{"ts":1762901693078,"action":"IDE_ACTIVATED"}
{"ts":1762901704837,"action":"IDE_DEACTIVATED"}
{"ts":1762934525414,"action":"IDE_ACTIVATED"}
{"ts":1762934544671,"action":"IDE_DEACTIVATED"}
{"ts":1762938936139,"action":"IDE_ACTIVATED"}
{"ts":1762938940275,"action":"IDE_DEACTIVATED"}
{"ts":1762938978879,"action":"IDE_ACTIVATED"}
{"ts":1762938987516,"action":"IDE_DEACTIVATED"}
{"ts":1762938989744,"action":"IDE_ACTIVATED"}
{"ts":1762939012577,"action":"IDE_DEACTIVATED"}
{"ts":1762939112383,"action":"IDE_ACTIVATED"}
{"ts":1762939114762,"action":"IDE_DEACTIVATED"}
{"ts":1762939583449,"action":"IDE_ACTIVATED"}
{"ts":1762939597177,"action":"IDE_DEACTIVATED"}
{"ts":1762939857007,"action":"IDE_ACTIVATED"}
{"ts":1762939861965,"action":"IDE_DEACTIVATED"}
{"ts":1762939901194,"action":"IDE_ACTIVATED"}
{"ts":1762939905165,"action":"IDE_DEACTIVATED"}
{"ts":1762945139171,"action":"IDE_ACTIVATED"}
{"ts":1762945159367,"action":"IDE_DEACTIVATED"}
{"ts":1762945283576,"action":"IDE_ACTIVATED"}
{"ts":1762945295530,"action":"IDE_DEACTIVATED"}
{"ts":1762948657371,"action":"IDE_ACTIVATED"}
{"ts":1762948662904,"action":"IDE_DEACTIVATED"}
{"ts":1762970970362,"action":"IDE_ACTIVATED"}
{"ts":1762970975668,"action":"IDE_DEACTIVATED"}
{"ts":1762971171891,"action":"IDE_ACTIVATED"}
{"ts":1762971177899,"action":"IDE_DEACTIVATED"}
{"ts":1762971473783,"action":"IDE_ACTIVATED"}
{"ts":1762971482261,"action":"IDE_DEACTIVATED"}
{"ts":1762971910605,"action":"IDE_ACTIVATED"}
{"ts":1762971983834,"action":"IDE_DEACTIVATED"}
{"ts":1762972155663,"action":"IDE_ACTIVATED"}
{"ts":1762972168151,"action":"IDE_DEACTIVATED"}
{"ts":1762972174219,"action":"IDE_ACTIVATED"}
{"ts":1762972573879,"action":"IDE_DEACTIVATED"}
{"ts":1762972748123,"action":"IDE_ACTIVATED"}
{"ts":1762972748759,"action":"PROJECT_CLOSED","tags":{"PROJECT_NAME":"Little-ISMS-Helper"}}
{"ts":1762972825782,"action":"FILE_OPENED","file":"/.env.local","tags":{"FILE_LINE_OF_CODE":"74"}}
{"ts":1762972825945,"action":"PROJECT_OPENED","tags":{"PROJECT_NAME":"Little-ISMS-Helper"}}
{"ts":1762972959146,"action":"IDE_ACTIVATED"}
{"ts":1762972969566,"action":"IDE_DEACTIVATED"}
{"ts":1762972970980,"action":"IDE_ACTIVATED"}
{"ts":1762972971732,"action":"IDE_DEACTIVATED"}
{"ts":1762972973158,"action":"IDE_ACTIVATED"}
{"ts":1762972973330,"action":"IDE_DEACTIVATED"}
{"ts":1762972976654,"action":"IDE_ACTIVATED"}
{"ts":1762972982243,"action":"IDE_DEACTIVATED"}
{"ts":1762973163017,"action":"IDE_ACTIVATED"}
{"ts":1762973165460,"action":"IDE_DEACTIVATED"}
{"ts":1762973276460,"action":"IDE_ACTIVATED"}
{"ts":1762973283379,"action":"IDE_DEACTIVATED"}
{"ts":1762977562182,"action":"IDE_ACTIVATED"}
{"ts":1762977564190,"action":"IDE_DEACTIVATED"}
{"ts":1762979291752,"action":"IDE_ACTIVATED"}
{"ts":1762979318237,"action":"IDE_DEACTIVATED"}
{"ts":1762981144745,"action":"IDE_ACTIVATED"}
{"ts":1762981154518,"action":"IDE_DEACTIVATED"}
{"ts":1762981166548,"action":"IDE_ACTIVATED"}
{"ts":1762981175270,"action":"IDE_DEACTIVATED"}
{"ts":1762981199596,"action":"IDE_ACTIVATED"}
{"ts":1762981205344,"action":"IDE_DEACTIVATED"}
{"ts":1763019716087,"action":"IDE_ACTIVATED"}
{"ts":1763019720862,"action":"IDE_DEACTIVATED"}
{"ts":1763019735119,"action":"IDE_ACTIVATED"}
{"ts":1763019758949,"action":"IDE_DEACTIVATED"}
{"ts":1763019765437,"action":"IDE_ACTIVATED"}
{"ts":1763019780323,"action":"IDE_DEACTIVATED"}
{"ts":1763019784162,"action":"IDE_ACTIVATED"}
{"ts":1763019788313,"action":"IDE_DEACTIVATED"}
{"ts":1763019846780,"action":"IDE_ACTIVATED"}
{"ts":1763019849672,"action":"IDE_DEACTIVATED"}
{"ts":1763025514460,"action":"IDE_ACTIVATED"}
{"ts":1763025517993,"action":"IDE_DEACTIVATED"}
{"ts":1763025639067,"action":"IDE_ACTIVATED"}
{"ts":1763025673499,"action":"IDE_DEACTIVATED"}
{"ts":1763025765744,"action":"IDE_ACTIVATED"}
{"ts":1763025768440,"action":"IDE_DEACTIVATED"}
{"ts":1763025806317,"action":"IDE_ACTIVATED"}
{"ts":1763025825897,"action":"IDE_DEACTIVATED"}
{"ts":1763025866622,"action":"IDE_ACTIVATED"}
{"ts":1763025881305,"action":"IDE_DEACTIVATED"}
{"ts":1763025886807,"action":"IDE_ACTIVATED"}
{"ts":1763025890562,"action":"IDE_DEACTIVATED"}
{"ts":1763025962864,"action":"IDE_ACTIVATED"}
{"ts":1763025975102,"action":"IDE_DEACTIVATED"}
{"ts":1763026576425,"action":"IDE_ACTIVATED"}
{"ts":1763026591574,"action":"IDE_DEACTIVATED"}
{"ts":1763026633679,"action":"IDE_ACTIVATED"}
{"ts":1763026636319,"action":"IDE_DEACTIVATED"}
{"ts":1763028891809,"action":"IDE_ACTIVATED"}
{"ts":1763028899447,"action":"IDE_DEACTIVATED"}
{"ts":1763029119132,"action":"IDE_ACTIVATED"}
{"ts":1763029124649,"action":"IDE_DEACTIVATED"}
{"ts":1763032236568,"action":"IDE_ACTIVATED"}
{"ts":1763032252213,"action":"IDE_DEACTIVATED"}
{"ts":1763032675800,"action":"IDE_ACTIVATED"}
{"ts":1763032685133,"action":"IDE_DEACTIVATED"}
{"ts":1763032778747,"action":"IDE_ACTIVATED"}
{"ts":1763032781469,"action":"IDE_DEACTIVATED"}
{"ts":1763032859027,"action":"IDE_ACTIVATED"}
{"ts":1763032874193,"action":"IDE_DEACTIVATED"}
{"ts":1763032883942,"action":"IDE_ACTIVATED"}
{"ts":1763032886455,"action":"IDE_DEACTIVATED"}
{"ts":1763032910014,"action":"IDE_ACTIVATED"}
{"ts":1763032918577,"action":"IDE_DEACTIVATED"}
{"ts":1763032929812,"action":"IDE_ACTIVATED"}
{"ts":1763032931643,"action":"IDE_DEACTIVATED"}
{"ts":1763033623844,"action":"IDE_ACTIVATED"}
{"ts":1763033641054,"action":"IDE_DEACTIVATED"}
{"ts":1763033910764,"action":"IDE_ACTIVATED"}
{"ts":1763033918534,"action":"IDE_DEACTIVATED"}
{"ts":1763033921016,"action":"IDE_ACTIVATED"}
{"ts":1763033942106,"action":"IDE_DEACTIVATED"}
{"ts":1763034043052,"action":"IDE_ACTIVATED"}
{"ts":1763034048142,"action":"IDE_DEACTIVATED"}
{"ts":1763037679861,"action":"IDE_ACTIVATED"}
{"ts":1763037681452,"action":"IDE_DEACTIVATED"}
{"ts":1763037994338,"action":"IDE_ACTIVATED"}
{"ts":1763038009936,"action":"IDE_DEACTIVATED"}
{"ts":1763038010600,"action":"IDE_ACTIVATED"}
{"ts":1763038013840,"action":"IDE_DEACTIVATED"}
{"ts":1763038123546,"action":"IDE_ACTIVATED"}
{"ts":1763038133714,"action":"IDE_DEACTIVATED"}
{"ts":1763038141856,"action":"IDE_ACTIVATED"}
{"ts":1763038144045,"action":"IDE_DEACTIVATED"}
{"ts":1763038175875,"action":"IDE_ACTIVATED"}
{"ts":1763038274737,"action":"IDE_DEACTIVATED"}
{"ts":1763038312629,"action":"IDE_ACTIVATED"}
{"ts":1763038317673,"action":"IDE_DEACTIVATED"}
{"ts":1763038321862,"action":"IDE_ACTIVATED"}
{"ts":1763038343386,"action":"IDE_DEACTIVATED"}
{"ts":1763038421409,"action":"IDE_ACTIVATED"}
{"ts":1763038431077,"action":"IDE_DEACTIVATED"}
{"ts":1763038435019,"action":"IDE_ACTIVATED"}
{"ts":1763038450800,"action":"IDE_DEACTIVATED"}
{"ts":1763038629886,"action":"IDE_ACTIVATED"}
{"ts":1763038631625,"action":"IDE_DEACTIVATED"}
{"ts":1763038714881,"action":"IDE_ACTIVATED"}
{"ts":1763038738808,"action":"IDE_DEACTIVATED"}
{"ts":1763038779511,"action":"IDE_ACTIVATED"}
{"ts":1763038795532,"action":"IDE_DEACTIVATED"}
{"ts":1763039475350,"action":"IDE_ACTIVATED"}
{"ts":1763039477775,"action":"IDE_DEACTIVATED"}
{"ts":1763039483683,"action":"IDE_ACTIVATED"}
{"ts":1763039485388,"action":"IDE_DEACTIVATED"}
{"ts":1763039485511,"action":"IDE_ACTIVATED"}
{"ts":1763039486583,"action":"IDE_DEACTIVATED"}
{"ts":1763040178042,"action":"IDE_ACTIVATED"}
{"ts":1763040277376,"action":"IDE_DEACTIVATED"}
{"ts":1763040355041,"action":"IDE_ACTIVATED"}
{"ts":1763040383223,"action":"IDE_DEACTIVATED"}
{"ts":1763040456142,"action":"IDE_ACTIVATED"}
{"ts":1763040458401,"action":"IDE_DEACTIVATED"}
{"ts":1763040469992,"action":"IDE_ACTIVATED"}
{"ts":1763040471275,"action":"IDE_DEACTIVATED"}
{"ts":1763040547645,"action":"IDE_ACTIVATED"}
{"ts":1763040549550,"action":"IDE_DEACTIVATED"}
{"ts":1763040692226,"action":"IDE_ACTIVATED"}
{"ts":1763040713441,"action":"IDE_DEACTIVATED"}
{"ts":1763040726417,"action":"IDE_ACTIVATED"}
{"ts":1763040779758,"action":"IDE_DEACTIVATED"}
{"ts":1763040954329,"action":"IDE_ACTIVATED"}
{"ts":1763040974652,"action":"IDE_DEACTIVATED"}
{"ts":1763041047076,"action":"IDE_ACTIVATED"}
{"ts":1763041068269,"action":"IDE_DEACTIVATED"}
{"ts":1763041467424,"action":"IDE_ACTIVATED"}
{"ts":1763041513818,"action":"IDE_DEACTIVATED"}
{"ts":1763041552464,"action":"IDE_ACTIVATED"}
{"ts":1763041576738,"action":"IDE_DEACTIVATED"}
{"ts":1763041657183,"action":"IDE_ACTIVATED"}
{"ts":1763041703733,"action":"IDE_DEACTIVATED"}
{"ts":1763042022652,"action":"IDE_ACTIVATED"}
{"ts":1763042024799,"action":"IDE_DEACTIVATED"}
{"ts":1763042065666,"action":"IDE_ACTIVATED"}
{"ts":1763042103138,"action":"IDE_DEACTIVATED"}
{"ts":1763042453142,"action":"IDE_ACTIVATED"}
{"ts":1763042488936,"action":"IDE_DEACTIVATED"}
{"ts":1763042631552,"action":"IDE_ACTIVATED"}
{"ts":1763042647783,"action":"FILE_CLOSED","file":"/.env.local","tags":{"FILE_LINE_OF_CODE":"74"}}
{"ts":1763042647783,"action":"FILE_OPENED","file":"/migrations/Version20251105000000.php","tags":{"FILE_LINE_OF_CODE":"245"}}
{"ts":1763042667650,"action":"FILE_CLOSED","file":"/migrations/Version20251105000000.php","tags":{"FILE_LINE_OF_CODE":"245"}}
{"ts":1763042667650,"action":"FILE_OPENED","file":"/migrations/Version20251105000001.php","tags":{"FILE_LINE_OF_CODE":"65"}}
{"ts":1763042672106,"action":"FILE_CLOSED","file":"/migrations/Version20251105000001.php","tags":{"FILE_LINE_OF_CODE":"65"}}
{"ts":1763042672106,"action":"FILE_OPENED","file":"/migrations/Version20251105000002.php","tags":{"FILE_LINE_OF_CODE":"125"}}
{"ts":1763042677862,"action":"FILE_CLOSED","file":"/migrations/Version20251105000002.php","tags":{"FILE_LINE_OF_CODE":"125"}}
{"ts":1763042677862,"action":"FILE_OPENED","file":"/migrations/Version20251105000003.php","tags":{"FILE_LINE_OF_CODE":"116"}}
{"ts":1763042683039,"action":"FILE_CLOSED","file":"/migrations/Version20251105000003.php","tags":{"FILE_LINE_OF_CODE":"116"}}
{"ts":1763042683039,"action":"FILE_OPENED","file":"/migrations/Version20251105000004.php","tags":{"FILE_LINE_OF_CODE":"117"}}
{"ts":1763042706975,"action":"IDE_DEACTIVATED"}
{"ts":1763042747105,"action":"IDE_ACTIVATED"}
{"ts":1763042791669,"action":"FILE_OPENED","file":"/.env.local","tags":{"FILE_LINE_OF_CODE":"74"}}
{"ts":1763042811418,"action":"FILE_CLOSED","file":"/.env.local","tags":{"FILE_LINE_OF_CODE":"74"}}
{"ts":1763042811418,"action":"FILE_OPENED","file":"/migrations/Version20251113140643.php","tags":{"FILE_LINE_OF_CODE":"430"}}
{"ts":1763042819940,"action":"IDE_DEACTIVATED"}
{"ts":1763042827898,"action":"IDE_ACTIVATED"}
{"ts":1763042855216,"action":"IDE_DEACTIVATED"}
{"ts":1763042911257,"action":"IDE_ACTIVATED"}
{"ts":1763043003498,"action":"IDE_DEACTIVATED"}
{"ts":1763043021146,"action":"IDE_ACTIVATED"}
{"ts":1763043024800,"action":"IDE_DEACTIVATED"}
{"ts":1763044536340,"action":"IDE_ACTIVATED"}
{"ts":1763044539656,"action":"IDE_DEACTIVATED"}
{"ts":1763044926132,"action":"IDE_ACTIVATED"}
{"ts":1763045034312,"action":"IDE_DEACTIVATED"}
{"ts":1763045356080,"action":"IDE_ACTIVATED"}
{"ts":1763045360503,"action":"IDE_DEACTIVATED"}
{"ts":1763045404328,"action":"IDE_ACTIVATED"}
{"ts":1763045407693,"action":"IDE_DEACTIVATED"}
{"ts":1763045783914,"action":"IDE_ACTIVATED"}
{"ts":1763045787096,"action":"IDE_DEACTIVATED"}
{"ts":1763045841014,"action":"IDE_ACTIVATED"}
{"ts":1763045875384,"action":"IDE_DEACTIVATED"}
{"ts":1763045886296,"action":"IDE_ACTIVATED"}
{"ts":1763045891120,"action":"IDE_DEACTIVATED"}
{"ts":1763046056188,"action":"IDE_ACTIVATED"}
{"ts":1763046058006,"action":"IDE_DEACTIVATED"}
{"ts":1763046840534,"action":"IDE_ACTIVATED"}
{"ts":1763046843271,"action":"IDE_DEACTIVATED"}
{"ts":1763047382068,"action":"IDE_ACTIVATED"}
{"ts":1763047387789,"action":"IDE_DEACTIVATED"}
{"ts":1763051173820,"action":"IDE_ACTIVATED"}
{"ts":1763051200406,"action":"IDE_DEACTIVATED"}
{"ts":1763051306408,"action":"IDE_ACTIVATED"}
{"ts":1763051316774,"action":"IDE_DEACTIVATED"}
{"ts":1763053367664,"action":"IDE_ACTIVATED"}
{"ts":1763053377559,"action":"IDE_DEACTIVATED"}
{"ts":1763053528539,"action":"IDE_ACTIVATED"}
{"ts":1763053531146,"action":"IDE_DEACTIVATED"}
{"ts":1763053872506,"action":"IDE_ACTIVATED"}
{"ts":1763053875396,"action":"IDE_DEACTIVATED"}
{"ts":1763061934931,"action":"IDE_ACTIVATED"}
{"ts":1763061946543,"action":"IDE_DEACTIVATED"}
{"ts":1763061949934,"action":"IDE_ACTIVATED"}
{"ts":1763061958027,"action":"IDE_DEACTIVATED"}
{"ts":1763062046646,"action":"IDE_ACTIVATED"}
{"ts":1763062052920,"action":"IDE_DEACTIVATED"}
{"ts":1763062265781,"action":"IDE_ACTIVATED"}
{"ts":1763062274255,"action":"IDE_DEACTIVATED"}
{"ts":1763063020140,"action":"IDE_ACTIVATED"}
{"ts":1763063031515,"action":"IDE_DEACTIVATED"}
{"ts":1763064852558,"action":"IDE_ACTIVATED"}
{"ts":1763064854892,"action":"IDE_DEACTIVATED"}
{"ts":1763065555394,"action":"IDE_ACTIVATED"}
{"ts":1763065557360,"action":"IDE_DEACTIVATED"}
{"ts":1763066056745,"action":"IDE_ACTIVATED"}
{"ts":1763066091035,"action":"IDE_DEACTIVATED"}
{"ts":1763066277173,"action":"IDE_ACTIVATED"}
{"ts":1763066297209,"action":"IDE_DEACTIVATED"}
{"ts":1763066398927,"action":"IDE_ACTIVATED"}
{"ts":1763066401617,"action":"IDE_DEACTIVATED"}
{"ts":1763066544469,"action":"IDE_ACTIVATED"}
{"ts":1763066567926,"action":"IDE_DEACTIVATED"}
{"ts":1763067246107,"action":"IDE_ACTIVATED"}
{"ts":1763067257612,"action":"IDE_DEACTIVATED"}
{"ts":1763067260172,"action":"IDE_ACTIVATED"}
{"ts":1763067392252,"action":"IDE_DEACTIVATED"}
{"ts":1763067406873,"action":"IDE_ACTIVATED"}
{"ts":1763067409748,"action":"IDE_DEACTIVATED"}
{"ts":1763067783822,"action":"IDE_ACTIVATED"}
{"ts":1763067785307,"action":"IDE_DEACTIVATED"}
{"ts":1763068057984,"action":"IDE_ACTIVATED"}
{"ts":1763068072368,"action":"IDE_DEACTIVATED"}
{"ts":1763068643985,"action":"IDE_ACTIVATED"}
{"ts":1763068651895,"action":"IDE_DEACTIVATED"}
{"ts":1763069008228,"action":"IDE_ACTIVATED"}
{"ts":1763069015348,"action":"IDE_DEACTIVATED"}
{"ts":1763069329357,"action":"IDE_ACTIVATED"}
{"ts":1763069341597,"action":"IDE_DEACTIVATED"}
{"ts":1763070159821,"action":"IDE_ACTIVATED"}
{"ts":1763070172292,"action":"IDE_DEACTIVATED"}
{"ts":1763071391724,"action":"IDE_ACTIVATED"}
{"ts":1763071398335,"action":"IDE_DEACTIVATED"}
{"ts":1763075582651,"action":"IDE_ACTIVATED"}
{"ts":1763075628113,"action":"IDE_DEACTIVATED"}
{"ts":1763075898748,"action":"IDE_ACTIVATED"}
{"ts":1763075909773,"action":"IDE_DEACTIVATED"}
{"ts":1763075962426,"action":"IDE_ACTIVATED"}
{"ts":1763076031565,"action":"IDE_DEACTIVATED"}
{"ts":1763076154228,"action":"IDE_ACTIVATED"}
{"ts":1763076167472,"action":"IDE_DEACTIVATED"}
{"ts":1763076342889,"action":"IDE_ACTIVATED"}
{"ts":1763076360404,"action":"IDE_DEACTIVATED"}
{"ts":1763076451570,"action":"IDE_ACTIVATED"}
{"ts":1763076476683,"action":"IDE_DEACTIVATED"}
{"ts":1763076493116,"action":"IDE_ACTIVATED"}
{"ts":1763076508185,"action":"IDE_DEACTIVATED"}
{"ts":1763076745618,"action":"IDE_ACTIVATED"}
{"ts":1763076773365,"action":"IDE_DEACTIVATED"}
{"ts":1763076799546,"action":"IDE_ACTIVATED"}
{"ts":1763076850804,"action":"IDE_DEACTIVATED"}
{"ts":1763077758545,"action":"IDE_ACTIVATED"}
{"ts":1763077760775,"action":"IDE_DEACTIVATED"}
{"ts":1763077793107,"action":"IDE_ACTIVATED"}
{"ts":1763077805899,"action":"IDE_DEACTIVATED"}
{"ts":1763077860654,"action":"IDE_ACTIVATED"}
{"ts":1763077862515,"action":"IDE_DEACTIVATED"}
{"ts":1763077870735,"action":"IDE_ACTIVATED"}
{"ts":1763077911190,"action":"IDE_DEACTIVATED"}
{"ts":1763077954379,"action":"IDE_ACTIVATED"}
{"ts":1763077981676,"action":"IDE_DEACTIVATED"}
{"ts":1763078022123,"action":"IDE_ACTIVATED"}
{"ts":1763078024292,"action":"IDE_DEACTIVATED"}
{"ts":1763078230186,"action":"IDE_ACTIVATED"}
{"ts":1763078246950,"action":"IDE_DEACTIVATED"}
{"ts":1763078337379,"action":"IDE_ACTIVATED"}
{"ts":1763078339223,"action":"IDE_DEACTIVATED"}
{"ts":1763078482673,"action":"IDE_ACTIVATED"}
{"ts":1763078487091,"action":"IDE_DEACTIVATED"}
{"ts":1763078722872,"action":"IDE_ACTIVATED"}
{"ts":1763078729214,"action":"IDE_DEACTIVATED"}
{"ts":1763078781081,"action":"IDE_ACTIVATED"}
{"ts":1763078789835,"action":"IDE_DEACTIVATED"}
{"ts":1763078801997,"action":"IDE_ACTIVATED"}
{"ts":1763078803609,"action":"IDE_DEACTIVATED"}
{"ts":1763078831106,"action":"IDE_ACTIVATED"}
{"ts":1763078874130,"action":"IDE_DEACTIVATED"}
{"ts":1763107617524,"action":"IDE_ACTIVATED"}
{"ts":1763107632543,"action":"IDE_DEACTIVATED"}
{"ts":1763107661564,"action":"IDE_ACTIVATED"}
{"ts":1763107664351,"action":"IDE_DEACTIVATED"}
{"ts":1763108037649,"action":"IDE_ACTIVATED"}
{"ts":1763108050033,"action":"IDE_DEACTIVATED"}
{"ts":1763109212048,"action":"IDE_ACTIVATED"}
{"ts":1763109226774,"action":"IDE_DEACTIVATED"}
{"ts":1763109693162,"action":"IDE_ACTIVATED"}
{"ts":1763109695338,"action":"IDE_DEACTIVATED"}
{"ts":1763134910380,"action":"IDE_ACTIVATED"}
{"ts":1763134912331,"action":"IDE_DEACTIVATED"}
{"ts":1763134974063,"action":"IDE_ACTIVATED"}
{"ts":1763134976271,"action":"IDE_DEACTIVATED"}
{"ts":1763136684211,"action":"IDE_ACTIVATED"}
{"ts":1763136689534,"action":"IDE_DEACTIVATED"}
{"ts":1763136700864,"action":"IDE_ACTIVATED"}
{"ts":1763136728005,"action":"IDE_DEACTIVATED"}
{"ts":1763137590972,"action":"IDE_ACTIVATED"}
{"ts":1763137600339,"action":"IDE_DEACTIVATED"}
{"ts":1763138777971,"action":"IDE_ACTIVATED"}
{"ts":1763138779752,"action":"IDE_DEACTIVATED"}
{"ts":1763139249548,"action":"IDE_ACTIVATED"}
{"ts":1763139257741,"action":"IDE_DEACTIVATED"}
{"ts":1763139286291,"action":"IDE_ACTIVATED"}
{"ts":1763139318111,"action":"IDE_DEACTIVATED"}
{"ts":1763139341340,"action":"IDE_ACTIVATED"}
{"ts":1763139344452,"action":"IDE_DEACTIVATED"}
{"ts":1763139442904,"action":"IDE_ACTIVATED"}
{"ts":1763139453422,"action":"FILE_CLOSED","file":"/migrations/Version20251113140643.php","tags":{"FILE_LINE_OF_CODE":"430"}}
{"ts":1763139453422,"action":"FILE_OPENED","file":"/scripts/setup/reset-database.sh","tags":{"FILE_LINE_OF_CODE":"559"}}
{"ts":1763139500236,"action":"IDE_DEACTIVATED"}
{"ts":1763139630070,"action":"IDE_ACTIVATED"}
{"ts":1763139636359,"action":"IDE_DEACTIVATED"}
{"ts":1763141539217,"action":"IDE_ACTIVATED"}
{"ts":1763141540919,"action":"IDE_DEACTIVATED"}
{"ts":1763143437468,"action":"IDE_ACTIVATED"}
{"ts":1763143443070,"action":"IDE_DEACTIVATED"}
{"ts":1763143461887,"action":"IDE_ACTIVATED"}
{"ts":1763143501050,"action":"IDE_DEACTIVATED"}
{"ts":1763143525351,"action":"IDE_ACTIVATED"}
{"ts":1763143557274,"action":"IDE_DEACTIVATED"}
{"ts":1763143599333,"action":"IDE_ACTIVATED"}
{"ts":1763143651657,"action":"IDE_DEACTIVATED"}
{"ts":1763143818954,"action":"IDE_ACTIVATED"}
{"ts":1763143860366,"action":"IDE_DEACTIVATED"}
{"ts":1763144456262,"action":"IDE_ACTIVATED"}
{"ts":1763144458204,"action":"IDE_DEACTIVATED"}
{"ts":1763144503859,"action":"IDE_ACTIVATED"}
{"ts":1763144506068,"action":"IDE_DEACTIVATED"}
{"ts":1763144514555,"action":"IDE_ACTIVATED"}
{"ts":1763144535106,"action":"IDE_DEACTIVATED"}
{"ts":1763145620181,"action":"IDE_ACTIVATED"}
{"ts":1763145626063,"action":"IDE_DEACTIVATED"}
{"ts":1763145769297,"action":"IDE_ACTIVATED"}
{"ts":1763145773817,"action":"IDE_DEACTIVATED"}
{"ts":1763146819366,"action":"IDE_ACTIVATED"}
{"ts":1763147151093,"action":"IDE_DEACTIVATED"}
{"ts":1763147944537,"action":"IDE_ACTIVATED"}
{"ts":1763148023057,"action":"IDE_DEACTIVATED"}
{"ts":1763148077459,"action":"IDE_ACTIVATED"}
{"ts":1763148177458,"action":"IDE_DEACTIVATED"}
{"ts":1763148769813,"action":"IDE_ACTIVATED"}
{"ts":1763148828074,"action":"IDE_DEACTIVATED"}
{"ts":1763218397965,"action":"IDE_ACTIVATED"}
{"ts":1763218405693,"action":"IDE_DEACTIVATED"}
{"ts":1763218424184,"action":"IDE_ACTIVATED"}
{"ts":1763218447458,"action":"IDE_DEACTIVATED"}
{"ts":1763219897342,"action":"IDE_ACTIVATED"}
{"ts":1763219992429,"action":"IDE_DEACTIVATED"}
{"ts":1763221630867,"action":"IDE_ACTIVATED"}
{"ts":1763221711632,"action":"IDE_DEACTIVATED"}
{"ts":1763221900123,"action":"IDE_ACTIVATED"}
{"ts":1763222036632,"action":"IDE_DEACTIVATED"}
{"ts":1763223235426,"action":"IDE_ACTIVATED"}
{"ts":1763223303570,"action":"IDE_DEACTIVATED"}
{"ts":1763223518192,"action":"IDE_ACTIVATED"}
{"ts":1763223625271,"action":"IDE_DEACTIVATED"}
{"ts":1763224720793,"action":"IDE_ACTIVATED"}
{"ts":1763224722727,"action":"IDE_DEACTIVATED"}
{"ts":1763224837164,"action":"IDE_ACTIVATED"}
{"ts":1763224851103,"action":"IDE_DEACTIVATED"}
{"ts":1763226429783,"action":"IDE_ACTIVATED"}
{"ts":1763226440282,"action":"IDE_DEACTIVATED"}
{"ts":1763229440643,"action":"IDE_ACTIVATED"}
{"ts":1763229507373,"action":"IDE_DEACTIVATED"}
{"ts":1763240127901,"action":"IDE_ACTIVATED"}
{"ts":1763240174068,"action":"IDE_DEACTIVATED"}
{"ts":1763240822246,"action":"IDE_ACTIVATED"}
{"ts":1763240900796,"action":"IDE_DEACTIVATED"}
{"ts":1763241386877,"action":"IDE_ACTIVATED"}
{"ts":1763241412279,"action":"IDE_DEACTIVATED"}
{"ts":1763243687979,"action":"IDE_ACTIVATED"}
{"ts":1763243691277,"action":"IDE_DEACTIVATED"}
{"ts":1763243800892,"action":"IDE_ACTIVATED"}
{"ts":1763243807853,"action":"IDE_DEACTIVATED"}
{"ts":1763243837034,"action":"IDE_ACTIVATED"}
{"ts":1763243866374,"action":"IDE_DEACTIVATED"}
{"ts":1763244102631,"action":"IDE_ACTIVATED"}
{"ts":1763244174800,"action":"IDE_DEACTIVATED"}
{"ts":1763244996010,"action":"IDE_ACTIVATED"}
{"ts":1763245009958,"action":"IDE_DEACTIVATED"}
{"ts":1763292508244,"action":"IDE_ACTIVATED"}
{"ts":1763292572138,"action":"IDE_DEACTIVATED"}
{"ts":1763298214330,"action":"IDE_ACTIVATED"}
{"ts":1763298321479,"action":"IDE_DEACTIVATED"}
{"ts":1763298854649,"action":"IDE_ACTIVATED"}
{"ts":1763298916542,"action":"IDE_DEACTIVATED"}
{"ts":1763305663575,"action":"IDE_ACTIVATED"}
{"ts":1763305736550,"action":"IDE_DEACTIVATED"}
{"ts":1763306352772,"action":"IDE_ACTIVATED"}
{"ts":1763306398287,"action":"IDE_DEACTIVATED"}
{"ts":1763306628507,"action":"IDE_ACTIVATED"}
{"ts":1763306710764,"action":"IDE_DEACTIVATED"}
{"ts":1763306800192,"action":"IDE_ACTIVATED"}
{"ts":1763306915714,"action":"IDE_DEACTIVATED"}
{"ts":1763307095302,"action":"IDE_ACTIVATED"}
{"ts":1763307137026,"action":"IDE_DEACTIVATED"}
{"ts":1763307288458,"action":"IDE_ACTIVATED"}
{"ts":1763307403484,"action":"IDE_DEACTIVATED"}
{"ts":1763309533780,"action":"IDE_ACTIVATED"}
{"ts":1763309550976,"action":"IDE_DEACTIVATED"}
{"ts":1763310242680,"action":"IDE_ACTIVATED"}
{"ts":1763310286963,"action":"IDE_DEACTIVATED"}
{"ts":1763310699116,"action":"IDE_ACTIVATED"}
{"ts":1763310731049,"action":"IDE_DEACTIVATED"}
{"ts":1763311549418,"action":"IDE_ACTIVATED"}
{"ts":1763311599845,"action":"IDE_DEACTIVATED"}
{"ts":1763311607294,"action":"IDE_ACTIVATED"}
{"ts":1763311633864,"action":"IDE_DEACTIVATED"}
{"ts":1763311754006,"action":"IDE_ACTIVATED"}
{"ts":1763311761870,"action":"IDE_DEACTIVATED"}
{"ts":1763311948093,"action":"IDE_ACTIVATED"}
{"ts":1763311993301,"action":"IDE_DEACTIVATED"}
{"ts":1763312025526,"action":"IDE_ACTIVATED"}
{"ts":1763312138908,"action":"IDE_DEACTIVATED"}
{"ts":1763313093899,"action":"IDE_ACTIVATED"}
{"ts":1763313116535,"action":"IDE_DEACTIVATED"}
{"ts":1763313124450,"action":"IDE_ACTIVATED"}
{"ts":1763313143256,"action":"IDE_DEACTIVATED"}
{"ts":1763313252818,"action":"IDE_ACTIVATED"}
{"ts":1763313296752,"action":"IDE_DEACTIVATED"}
{"ts":1763313786087,"action":"IDE_ACTIVATED"}
{"ts":1763313799158,"action":"IDE_DEACTIVATED"}
{"ts":1763314190550,"action":"IDE_ACTIVATED"}
{"ts":1763314202775,"action":"IDE_DEACTIVATED"}
{"ts":1763314208467,"action":"IDE_ACTIVATED"}
{"ts":1763314210434,"action":"IDE_DEACTIVATED"}
{"ts":1763314458384,"action":"IDE_ACTIVATED"}
{"ts":1763314463996,"action":"IDE_DEACTIVATED"}
{"ts":1763314520939,"action":"IDE_ACTIVATED"}
{"ts":1763314544360,"action":"IDE_DEACTIVATED"}
{"ts":1763314640808,"action":"IDE_ACTIVATED"}
{"ts":1763314654079,"action":"IDE_DEACTIVATED"}
{"ts":1763314743052,"action":"IDE_ACTIVATED"}
{"ts":1763314757761,"action":"IDE_DEACTIVATED"}
{"ts":1763314758716,"action":"IDE_ACTIVATED"}
{"ts":1763314765052,"action":"IDE_DEACTIVATED"}
{"ts":1763315082055,"action":"IDE_ACTIVATED"}
{"ts":1763315091859,"action":"IDE_DEACTIVATED"}
{"ts":1763315459004,"action":"IDE_ACTIVATED"}
{"ts":1763315461170,"action":"IDE_DEACTIVATED"}
{"ts":1763315536778,"action":"IDE_ACTIVATED"}
{"ts":1763315539635,"action":"IDE_DEACTIVATED"}
{"ts":1763315560369,"action":"IDE_ACTIVATED"}
{"ts":1763315568693,"action":"IDE_DEACTIVATED"}
{"ts":1763316332334,"action":"IDE_ACTIVATED"}
{"ts":1763316351267,"action":"IDE_DEACTIVATED"}
{"ts":1763318014181,"action":"IDE_ACTIVATED"}
{"ts":1763318062387,"action":"IDE_DEACTIVATED"}
{"ts":1763318215457,"action":"IDE_ACTIVATED"}
{"ts":1763318278523,"action":"IDE_DEACTIVATED"}
{"ts":1763318353177,"action":"IDE_ACTIVATED"}
{"ts":1763318388965,"action":"IDE_DEACTIVATED"}
{"ts":1763318448034,"action":"IDE_ACTIVATED"}
{"ts":1763318455182,"action":"IDE_DEACTIVATED"}
{"ts":1763318635124,"action":"IDE_ACTIVATED"}
{"ts":1763318637923,"action":"IDE_DEACTIVATED"}
{"ts":1763318657906,"action":"IDE_ACTIVATED"}
{"ts":1763318668196,"action":"IDE_DEACTIVATED"}
{"ts":1763319047288,"action":"IDE_ACTIVATED"}
{"ts":1763319084317,"action":"IDE_DEACTIVATED"}
{"ts":1763319087619,"action":"IDE_ACTIVATED"}
{"ts":1763319092681,"action":"IDE_DEACTIVATED"}
{"ts":1763319259474,"action":"IDE_ACTIVATED"}
{"ts":1763319269074,"action":"IDE_DEACTIVATED"}
{"ts":1763319441150,"action":"IDE_ACTIVATED"}
{"ts":1763319456070,"action":"IDE_DEACTIVATED"}
{"ts":1763320568874,"action":"IDE_ACTIVATED"}
{"ts":1763320604854,"action":"IDE_DEACTIVATED"}
{"ts":1763321763492,"action":"IDE_ACTIVATED"}
{"ts":1763321770254,"action":"IDE_DEACTIVATED"}
{"ts":1763321886001,"action":"IDE_ACTIVATED"}
{"ts":1763321894705,"action":"IDE_DEACTIVATED"}
{"ts":1763322211231,"action":"IDE_ACTIVATED"}
{"ts":1763322260729,"action":"IDE_DEACTIVATED"}
{"ts":1763322750468,"action":"IDE_ACTIVATED"}
{"ts":1763323041847,"action":"IDE_DEACTIVATED"}
{"ts":1763323044112,"action":"IDE_ACTIVATED"}
{"ts":1763323046891,"action":"IDE_DEACTIVATED"}
{"ts":1763323429459,"action":"IDE_ACTIVATED"}
{"ts":1763323436841,"action":"IDE_DEACTIVATED"}
{"ts":1763323463664,"action":"IDE_ACTIVATED"}
{"ts":1763323712912,"action":"FILE_CLOSED","file":"/scripts/setup/reset-database.sh","tags":{"FILE_LINE_OF_CODE":"559"}}
{"ts":1763323721030,"action":"FILE_OPENED","file":"/scripts/setup/reset-database.sh","tags":{"FILE_LINE_OF_CODE":"559"}}
{"ts":1763323743160,"action":"IDE_DEACTIVATED"}
{"ts":1763323754053,"action":"IDE_ACTIVATED"}
{"ts":1763323796292,"action":"IDE_DEACTIVATED"}
{"ts":1763323808300,"action":"IDE_ACTIVATED"}
{"ts":1763323831670,"action":"IDE_DEACTIVATED"}
{"ts":1763323834390,"action":"IDE_ACTIVATED"}
{"ts":1763324079484,"action":"IDE_DEACTIVATED"}
{"ts":1763324103059,"action":"IDE_ACTIVATED"}
{"ts":1763324219886,"action":"IDE_DEACTIVATED"}
{"ts":1763324250037,"action":"IDE_ACTIVATED"}
{"ts":1763324287650,"action":"IDE_DEACTIVATED"}
{"ts":1763324308215,"action":"IDE_ACTIVATED"}
{"ts":1763324362302,"action":"IDE_DEACTIVATED"}
{"ts":1763324370393,"action":"IDE_ACTIVATED"}
{"ts":1763324379571,"action":"IDE_DEACTIVATED"}
{"ts":1763324399268,"action":"IDE_ACTIVATED"}
{"ts":1763324438940,"action":"IDE_DEACTIVATED"}
{"ts":1763324449691,"action":"IDE_ACTIVATED"}
{"ts":1763324496927,"action":"IDE_DEACTIVATED"}
{"ts":1763324513757,"action":"IDE_ACTIVATED"}
{"ts":1763324554253,"action":"IDE_DEACTIVATED"}
{"ts":1763324571506,"action":"IDE_ACTIVATED"}
{"ts":1763324575925,"action":"IDE_DEACTIVATED"}
{"ts":1763324628905,"action":"IDE_ACTIVATED"}
{"ts":1763324641415,"action":"IDE_DEACTIVATED"}
{"ts":1763324670046,"action":"IDE_ACTIVATED"}
{"ts":1763324706120,"action":"IDE_DEACTIVATED"}
{"ts":1763324733711,"action":"IDE_ACTIVATED"}
{"ts":1763324770106,"action":"IDE_DEACTIVATED"}
{"ts":1763324780647,"action":"IDE_ACTIVATED"}
{"ts":1763324825224,"action":"IDE_DEACTIVATED"}
{"ts":1763324838924,"action":"IDE_ACTIVATED"}
{"ts":1763324887115,"action":"IDE_DEACTIVATED"}
{"ts":1763324895567,"action":"IDE_ACTIVATED"}
{"ts":1763324902321,"action":"IDE_DEACTIVATED"}
{"ts":1763324915110,"action":"IDE_ACTIVATED"}
{"ts":1763324924712,"action":"IDE_DEACTIVATED"}
{"ts":1763324932791,"action":"IDE_ACTIVATED"}
{"ts":1763324990066,"action":"IDE_DEACTIVATED"}
{"ts":1763324999275,"action":"IDE_ACTIVATED"}
{"ts":1763325039214,"action":"IDE_DEACTIVATED"}
{"ts":1763325054814,"action":"IDE_ACTIVATED"}
{"ts":1763325076205,"action":"IDE_DEACTIVATED"}
{"ts":1763325093831,"action":"IDE_ACTIVATED"}
{"ts":1763325115187,"action":"IDE_DEACTIVATED"}
{"ts":1763325128189,"action":"IDE_ACTIVATED"}
{"ts":1763325172945,"action":"IDE_DEACTIVATED"}
{"ts":1763325191056,"action":"IDE_ACTIVATED"}
{"ts":1763325244105,"action":"IDE_DEACTIVATED"}
{"ts":1763325252807,"action":"IDE_ACTIVATED"}
{"ts":1763325272277,"action":"IDE_DEACTIVATED"}
{"ts":1763325274436,"action":"IDE_ACTIVATED"}
{"ts":1763325295208,"action":"IDE_DEACTIVATED"}
{"ts":1763325302206,"action":"IDE_ACTIVATED"}
{"ts":1763325307699,"action":"IDE_DEACTIVATED"}
{"ts":1763325315326,"action":"IDE_ACTIVATED"}
{"ts":1763325331778,"action":"IDE_DEACTIVATED"}
{"ts":1763325337412,"action":"IDE_ACTIVATED"}
{"ts":1763325346023,"action":"IDE_DEACTIVATED"}
{"ts":1763325367635,"action":"IDE_ACTIVATED"}
{"ts":1763325387580,"action":"IDE_DEACTIVATED"}
{"ts":1763325418360,"action":"IDE_ACTIVATED"}
{"ts":1763326083034,"action":"IDE_DEACTIVATED"}
{"ts":1763331896667,"action":"IDE_ACTIVATED"}
{"ts":1763331901221,"action":"IDE_DEACTIVATED"}
{"ts":1763331903153,"action":"IDE_ACTIVATED"}
{"ts":1763331904229,"action":"IDE_DEACTIVATED"}
{"ts":1763331910576,"action":"IDE_ACTIVATED"}
{"ts":1763331917071,"action":"IDE_DEACTIVATED"}
{"ts":1763331930576,"action":"IDE_ACTIVATED"}
{"ts":1763331978725,"action":"IDE_DEACTIVATED"}
{"ts":1763331991168,"action":"IDE_ACTIVATED"}
{"ts":1763331994776,"action":"IDE_DEACTIVATED"}
{"ts":1763332003600,"action":"IDE_ACTIVATED"}
{"ts":1763332009867,"action":"IDE_DEACTIVATED"}
{"ts":1763332018548,"action":"IDE_ACTIVATED"}
{"ts":1763332056256,"action":"IDE_DEACTIVATED"}
{"ts":1763332064497,"action":"IDE_ACTIVATED"}
{"ts":1763332071526,"action":"IDE_DEACTIVATED"}
{"ts":1763332083022,"action":"IDE_ACTIVATED"}
{"ts":1763332131668,"action":"IDE_DEACTIVATED"}
{"ts":1763332162764,"action":"IDE_ACTIVATED"}
{"ts":1763332170631,"action":"IDE_DEACTIVATED"}
{"ts":1763332197956,"action":"IDE_ACTIVATED"}
{"ts":1763332213559,"action":"IDE_DEACTIVATED"}
{"ts":1763332232526,"action":"IDE_ACTIVATED"}
{"ts":1763332247627,"action":"IDE_DEACTIVATED"}
{"ts":1763332290203,"action":"IDE_ACTIVATED"}
{"ts":1763332305321,"action":"IDE_DEACTIVATED"}
{"ts":1763332314524,"action":"IDE_ACTIVATED"}
{"ts":1763332346961,"action":"IDE_DEACTIVATED"}
{"ts":1763332435500,"action":"IDE_ACTIVATED"}
{"ts":1763332464036,"action":"IDE_DEACTIVATED"}
{"ts":1763332482115,"action":"IDE_ACTIVATED"}
{"ts":1763332490112,"action":"IDE_DEACTIVATED"}
{"ts":1763332588139,"action":"IDE_ACTIVATED"}
{"ts":1763332591951,"action":"IDE_DEACTIVATED"}
{"ts":1763332598177,"action":"IDE_ACTIVATED"}
{"ts":1763332603340,"action":"IDE_DEACTIVATED"}
{"ts":1763332735198,"action":"IDE_ACTIVATED"}
{"ts":1763332751419,"action":"IDE_DEACTIVATED"}
{"ts":1763332759099,"action":"IDE_ACTIVATED"}
{"ts":1763332792285,"action":"IDE_DEACTIVATED"}
{"ts":1763332859336,"action":"IDE_ACTIVATED"}
{"ts":1763332863885,"action":"IDE_DEACTIVATED"}
{"ts":1763333031284,"action":"IDE_ACTIVATED"}
{"ts":1763333057014,"action":"IDE_DEACTIVATED"}
{"ts":1763333126661,"action":"IDE_ACTIVATED"}
{"ts":1763333138164,"action":"IDE_DEACTIVATED"}
{"ts":1763333209328,"action":"IDE_ACTIVATED"}
{"ts":1763333239001,"action":"IDE_DEACTIVATED"}
{"ts":1763333244357,"action":"IDE_ACTIVATED"}
{"ts":1763333281575,"action":"IDE_DEACTIVATED"}
{"ts":1763333307006,"action":"IDE_ACTIVATED"}
{"ts":1763333328161,"action":"IDE_DEACTIVATED"}
{"ts":1763333350138,"action":"IDE_ACTIVATED"}
{"ts":1763333354824,"action":"IDE_DEACTIVATED"}
{"ts":1763333548438,"action":"IDE_ACTIVATED"}
{"ts":1763333565557,"action":"IDE_DEACTIVATED"}
{"ts":1763333593185,"action":"IDE_ACTIVATED"}
{"ts":1763333674211,"action":"IDE_DEACTIVATED"}
{"ts":1763333697433,"action":"IDE_ACTIVATED"}
{"ts":1763333743282,"action":"IDE_DEACTIVATED"}
{"ts":1763333766304,"action":"IDE_ACTIVATED"}
{"ts":1763333896680,"action":"IDE_DEACTIVATED"}
{"ts":1763333911245,"action":"IDE_ACTIVATED"}
{"ts":1763333912809,"action":"IDE_DEACTIVATED"}
{"ts":1763333928089,"action":"IDE_ACTIVATED"}
{"ts":1763333968449,"action":"IDE_DEACTIVATED"}
{"ts":1763333982621,"action":"IDE_ACTIVATED"}
{"ts":1763333990280,"action":"IDE_DEACTIVATED"}
{"ts":1763334021133,"action":"IDE_ACTIVATED"}
{"ts":1763334216788,"action":"IDE_DEACTIVATED"}
{"ts":1763334235436,"action":"IDE_ACTIVATED"}
{"ts":1763334253075,"action":"IDE_DEACTIVATED"}
{"ts":1763334263624,"action":"IDE_ACTIVATED"}
{"ts":1763334267860,"action":"IDE_DEACTIVATED"}
{"ts":1763334491951,"action":"IDE_ACTIVATED"}
{"ts":1763334610426,"action":"IDE_DEACTIVATED"}
{"ts":1763334637412,"action":"IDE_ACTIVATED"}
{"ts":1763334680066,"action":"IDE_DEACTIVATED"}
{"ts":1763334701203,"action":"IDE_ACTIVATED"}
{"ts":1763334707269,"action":"IDE_DEACTIVATED"}
{"ts":1763334738663,"action":"IDE_ACTIVATED"}
{"ts":1763335315136,"action":"IDE_DEACTIVATED"}
{"ts":1763335324727,"action":"IDE_ACTIVATED"}
{"ts":1763335334319,"action":"IDE_DEACTIVATED"}
{"ts":1763335352880,"action":"IDE_ACTIVATED"}
{"ts":1763335371407,"action":"IDE_DEACTIVATED"}
{"ts":1763335389902,"action":"IDE_ACTIVATED"}
{"ts":1763335433267,"action":"IDE_DEACTIVATED"}
{"ts":1763335444902,"action":"IDE_ACTIVATED"}
{"ts":1763335764481,"action":"IDE_DEACTIVATED"}
{"ts":1763335776959,"action":"IDE_ACTIVATED"}
{"ts":1763335806741,"action":"IDE_DEACTIVATED"}
{"ts":1763335811547,"action":"IDE_ACTIVATED"}
{"ts":1763335856639,"action":"IDE_DEACTIVATED"}
{"ts":1763335869110,"action":"IDE_ACTIVATED"}
{"ts":1763335887755,"action":"IDE_DEACTIVATED"}
{"ts":1763335924964,"action":"IDE_ACTIVATED"}
{"ts":1763336295839,"action":"IDE_DEACTIVATED"}
{"ts":1763336314883,"action":"IDE_ACTIVATED"}
{"ts":1763336335199,"action":"IDE_DEACTIVATED"}
{"ts":1763336346034,"action":"IDE_ACTIVATED"}
{"ts":1763336378384,"action":"IDE_DEACTIVATED"}
{"ts":1763336550765,"action":"IDE_ACTIVATED"}
{"ts":1763336555708,"action":"IDE_DEACTIVATED"}
{"ts":1763336574270,"action":"IDE_ACTIVATED"}
{"ts":1763336578573,"action":"IDE_DEACTIVATED"}
{"ts":1763336632840,"action":"IDE_ACTIVATED"}
{"ts":1763336650850,"action":"IDE_DEACTIVATED"}
{"ts":1763336671863,"action":"IDE_ACTIVATED"}
{"ts":1763336757608,"action":"IDE_DEACTIVATED"}
{"ts":1763336781308,"action":"IDE_ACTIVATED"}
{"ts":1763336853065,"action":"IDE_DEACTIVATED"}
{"ts":1763336939911,"action":"IDE_ACTIVATED"}
{"ts":1763337051442,"action":"IDE_DEACTIVATED"}
{"ts":1763337069642,"action":"IDE_ACTIVATED"}
{"ts":1763337089839,"action":"IDE_DEACTIVATED"}
{"ts":1763337133388,"action":"IDE_ACTIVATED"}
{"ts":1763337178042,"action":"IDE_DEACTIVATED"}
{"ts":1763337180454,"action":"IDE_ACTIVATED"}
{"ts":1763337313397,"action":"IDE_DEACTIVATED"}
{"ts":1763337329932,"action":"IDE_ACTIVATED"}
{"ts":1763337338420,"action":"IDE_DEACTIVATED"}
{"ts":1763337366153,"action":"IDE_ACTIVATED"}
{"ts":1763337401548,"action":"IDE_DEACTIVATED"}
{"ts":1763337408604,"action":"IDE_ACTIVATED"}
{"ts":1763337442513,"action":"IDE_DEACTIVATED"}
{"ts":1763337466164,"action":"IDE_ACTIVATED"}
{"ts":1763337553326,"action":"IDE_DEACTIVATED"}
{"ts":1763337586742,"action":"IDE_ACTIVATED"}
{"ts":1763337630217,"action":"IDE_DEACTIVATED"}
{"ts":1763337632473,"action":"IDE_ACTIVATED"}
{"ts":1763337768627,"action":"IDE_DEACTIVATED"}
{"ts":1763337770656,"action":"IDE_ACTIVATED"}
{"ts":1763337779218,"action":"IDE_DEACTIVATED"}
{"ts":1763337797828,"action":"IDE_ACTIVATED"}
{"ts":1763337903835,"action":"IDE_DEACTIVATED"}
{"ts":1763337923754,"action":"IDE_ACTIVATED"}
{"ts":1763338029203,"action":"IDE_DEACTIVATED"}
{"ts":1763338045888,"action":"IDE_ACTIVATED"}
{"ts":1763338053377,"action":"IDE_DEACTIVATED"}
{"ts":1763338074875,"action":"IDE_ACTIVATED"}
{"ts":1763338115778,"action":"IDE_DEACTIVATED"}
{"ts":1763338117614,"action":"IDE_ACTIVATED"}
{"ts":1763338293043,"action":"IDE_DEACTIVATED"}
{"ts":1763338294651,"action":"IDE_ACTIVATED"}
{"ts":1763338318505,"action":"IDE_DEACTIVATED"}
{"ts":1763338350825,"action":"IDE_ACTIVATED"}
{"ts":1763338355011,"action":"IDE_DEACTIVATED"}
{"ts":1763338372991,"action":"IDE_ACTIVATED"}
{"ts":1763338404244,"action":"IDE_DEACTIVATED"}
{"ts":1763338496580,"action":"IDE_ACTIVATED"}
{"ts":1763338551516,"action":"IDE_DEACTIVATED"}
{"ts":1763338584584,"action":"IDE_ACTIVATED"}
{"ts":1763338612927,"action":"IDE_DEACTIVATED"}
{"ts":1763338620695,"action":"IDE_ACTIVATED"}
{"ts":1763338627390,"action":"IDE_DEACTIVATED"}
{"ts":1763338645495,"action":"IDE_ACTIVATED"}
{"ts":1763338681039,"action":"IDE_DEACTIVATED"}
{"ts":1763338696758,"action":"IDE_ACTIVATED"}
{"ts":1763338700773,"action":"IDE_DEACTIVATED"}
{"ts":1763338723692,"action":"IDE_ACTIVATED"}
{"ts":1763339342350,"action":"IDE_DEACTIVATED"}
{"ts":1763375527650,"action":"IDE_ACTIVATED"}
{"ts":1763375536534,"action":"IDE_DEACTIVATED"}
{"ts":1763375595040,"action":"IDE_ACTIVATED"}
{"ts":1763375600122,"action":"IDE_DEACTIVATED"}
{"ts":1763375721195,"action":"IDE_ACTIVATED"}
{"ts":1763375723062,"action":"IDE_DEACTIVATED"}
{"ts":1763375762399,"action":"IDE_ACTIVATED"}
{"ts":1763375779682,"action":"IDE_DEACTIVATED"}
{"ts":1763378289010,"action":"IDE_ACTIVATED"}
{"ts":1763378378263,"action":"IDE_DEACTIVATED"}
{"ts":1763378379979,"action":"IDE_ACTIVATED"}
{"ts":1763378386084,"action":"IDE_DEACTIVATED"}
{"ts":1763378419413,"action":"IDE_ACTIVATED"}
{"ts":1763378679338,"action":"FILE_CLOSED","file":"/scripts/setup/reset-database.sh","tags":{"FILE_LINE_OF_CODE":"559"}}
{"ts":1763378689249,"action":"FILE_OPENED","file":"/scripts/setup/reset-database.sh","tags":{"FILE_LINE_OF_CODE":"559"}}
{"ts":1763378975523,"action":"IDE_DEACTIVATED"}
{"ts":1763379201777,"action":"IDE_ACTIVATED"}
{"ts":1763379305771,"action":"IDE_DEACTIVATED"}
{"ts":1763379486848,"action":"IDE_ACTIVATED"}
{"ts":1763379510069,"action":"IDE_DEACTIVATED"}
{"ts":1763379520360,"action":"IDE_ACTIVATED"}
{"ts":1763379682549,"action":"IDE_DEACTIVATED"}
{"ts":1763379700059,"action":"IDE_ACTIVATED"}
{"ts":1763379793452,"action":"IDE_DEACTIVATED"}
{"ts":1763380315288,"action":"IDE_ACTIVATED"}
{"ts":1763380316401,"action":"IDE_DEACTIVATED"}
{"ts":1763380318400,"action":"IDE_ACTIVATED"}
{"ts":1763380327054,"action":"IDE_DEACTIVATED"}
{"ts":1763380358537,"action":"IDE_ACTIVATED"}
{"ts":1763380377224,"action":"IDE_DEACTIVATED"}
{"ts":1763382119831,"action":"IDE_ACTIVATED"}
{"ts":1763382138979,"action":"IDE_DEACTIVATED"}
{"ts":1763382164586,"action":"IDE_ACTIVATED"}
{"ts":1763382189078,"action":"IDE_DEACTIVATED"}
{"ts":1763382191934,"action":"IDE_ACTIVATED"}
{"ts":1763382745550,"action":"IDE_DEACTIVATED"}
{"ts":1763383006227,"action":"IDE_ACTIVATED"}
{"ts":1763383953390,"action":"IDE_DEACTIVATED"}
{"ts":1763384162948,"action":"IDE_ACTIVATED"}
{"ts":1763384183554,"action":"IDE_DEACTIVATED"}
{"ts":1763384294413,"action":"IDE_ACTIVATED"}
{"ts":1763384348267,"action":"FILE_CLOSED","file":"/scripts/setup/reset-database.sh","tags":{"FILE_LINE_OF_CODE":"559"}}
{"ts":1763384355441,"action":"FILE_OPENED","file":"/scripts/setup/reset-database.sh","tags":{"FILE_LINE_OF_CODE":"559"}}
{"ts":1763384450770,"action":"IDE_DEACTIVATED"}
{"ts":1763384487298,"action":"IDE_ACTIVATED"}
{"ts":1763384496249,"action":"IDE_DEACTIVATED"}
{"ts":1763384501996,"action":"IDE_ACTIVATED"}
{"ts":1763384513442,"action":"IDE_DEACTIVATED"}
{"ts":1763384514722,"action":"IDE_ACTIVATED"}
{"ts":1763384524710,"action":"IDE_DEACTIVATED"}
{"ts":1763384532188,"action":"IDE_ACTIVATED"}
{"ts":1763384610031,"action":"IDE_DEACTIVATED"}
{"ts":1763384714983,"action":"IDE_ACTIVATED"}
{"ts":1763384741734,"action":"IDE_DEACTIVATED"}
{"ts":1763384748022,"action":"IDE_ACTIVATED"}
{"ts":1763384754034,"action":"IDE_DEACTIVATED"}
{"ts":1763384770625,"action":"IDE_ACTIVATED"}
{"ts":1763384842890,"action":"IDE_DEACTIVATED"}
{"ts":1763384866180,"action":"IDE_ACTIVATED"}
{"ts":1763384877001,"action":"IDE_DEACTIVATED"}
{"ts":1763385027507,"action":"IDE_ACTIVATED"}
{"ts":1763385142920,"action":"IDE_DEACTIVATED"}
{"ts":1763385203682,"action":"IDE_ACTIVATED"}
{"ts":1763385234379,"action":"IDE_DEACTIVATED"}
{"ts":1763385316771,"action":"IDE_ACTIVATED"}
{"ts":1763385333531,"action":"IDE_DEACTIVATED"}
{"ts":1763385405576,"action":"IDE_ACTIVATED"}
{"ts":1763385418469,"action":"IDE_DEACTIVATED"}
{"ts":1763385424652,"action":"IDE_ACTIVATED"}
{"ts":1763385441800,"action":"IDE_DEACTIVATED"}
{"ts":1763385453673,"action":"IDE_ACTIVATED"}
{"ts":1763385472819,"action":"IDE_DEACTIVATED"}
{"ts":1763385483642,"action":"IDE_ACTIVATED"}
{"ts":1763385629991,"action":"IDE_DEACTIVATED"}
{"ts":1763385672900,"action":"IDE_ACTIVATED"}
{"ts":1763385675746,"action":"IDE_DEACTIVATED"}
{"ts":1763385682068,"action":"IDE_ACTIVATED"}
{"ts":1763385687769,"action":"IDE_DEACTIVATED"}
{"ts":1763385700229,"action":"IDE_ACTIVATED"}
{"ts":1763385762485,"action":"IDE_DEACTIVATED"}
{"ts":1763385766796,"action":"IDE_ACTIVATED"}
{"ts":1763385859590,"action":"IDE_DEACTIVATED"}
{"ts":1763385861707,"action":"IDE_ACTIVATED"}
{"ts":1763385896998,"action":"IDE_DEACTIVATED"}
{"ts":1763386002291,"action":"IDE_ACTIVATED"}
{"ts":1763386008154,"action":"IDE_DEACTIVATED"}
{"ts":1763386016947,"action":"IDE_ACTIVATED"}
{"ts":1763386027520,"action":"IDE_DEACTIVATED"}
{"ts":1763386033391,"action":"IDE_ACTIVATED"}
{"ts":1763386117420,"action":"IDE_DEACTIVATED"}
{"ts":1763386138938,"action":"IDE_ACTIVATED"}
{"ts":1763386145645,"action":"IDE_DEACTIVATED"}
{"ts":1763386192715,"action":"IDE_ACTIVATED"}
{"ts":1763386201614,"action":"IDE_DEACTIVATED"}
{"ts":1763386222688,"action":"IDE_ACTIVATED"}
{"ts":1763386231216,"action":"IDE_DEACTIVATED"}
{"ts":1763386260699,"action":"IDE_ACTIVATED"}
{"ts":1763386272557,"action":"IDE_DEACTIVATED"}
{"ts":1763386284252,"action":"IDE_ACTIVATED"}
{"ts":1763386299598,"action":"IDE_DEACTIVATED"}
{"ts":1763386312332,"action":"IDE_ACTIVATED"}
{"ts":1763386418997,"action":"IDE_DEACTIVATED"}
{"ts":1763386489434,"action":"IDE_ACTIVATED"}
{"ts":1763386499907,"action":"IDE_DEACTIVATED"}
{"ts":1763386519558,"action":"IDE_ACTIVATED"}
{"ts":1763386747794,"action":"IDE_DEACTIVATED"}
{"ts":1763386882235,"action":"IDE_ACTIVATED"}
{"ts":1763386887349,"action":"IDE_DEACTIVATED"}
{"ts":1763386902361,"action":"IDE_ACTIVATED"}
{"ts":1763386909535,"action":"IDE_DEACTIVATED"}
{"ts":1763386912794,"action":"IDE_ACTIVATED"}
{"ts":1763386929073,"action":"IDE_DEACTIVATED"}
{"ts":1763386939028,"action":"IDE_ACTIVATED"}
{"ts":1763387020182,"action":"IDE_DEACTIVATED"}
{"ts":1763387021994,"action":"IDE_ACTIVATED"}
{"ts":1763387077855,"action":"IDE_DEACTIVATED"}
{"ts":1763387080402,"action":"IDE_ACTIVATED"}
{"ts":1763387081973,"action":"IDE_DEACTIVATED"}
{"ts":1763387084658,"action":"IDE_ACTIVATED"}
{"ts":1763387087431,"action":"IDE_DEACTIVATED"}
{"ts":1763387184428,"action":"IDE_ACTIVATED"}
{"ts":1763387190907,"action":"IDE_DEACTIVATED"}
{"ts":1763387204883,"action":"IDE_ACTIVATED"}
{"ts":1763387428459,"action":"IDE_DEACTIVATED"}
{"ts":1763387552599,"action":"IDE_ACTIVATED"}
{"ts":1763387589747,"action":"IDE_DEACTIVATED"}
{"ts":1763387608605,"action":"IDE_ACTIVATED"}
{"ts":1763387848244,"action":"IDE_DEACTIVATED"}
{"ts":1763387888974,"action":"IDE_ACTIVATED"}
{"ts":1763387893364,"action":"IDE_DEACTIVATED"}
{"ts":1763387920564,"action":"IDE_ACTIVATED"}
{"ts":1763387952910,"action":"IDE_DEACTIVATED"}
{"ts":1763387959208,"action":"IDE_ACTIVATED"}
{"ts":1763388159215,"action":"IDE_DEACTIVATED"}
{"ts":1763388180574,"action":"IDE_ACTIVATED"}
{"ts":1763388214785,"action":"IDE_DEACTIVATED"}
{"ts":1763388295217,"action":"IDE_ACTIVATED"}
{"ts":1763388587878,"action":"IDE_DEACTIVATED"}
{"ts":1763388591009,"action":"IDE_ACTIVATED"}
{"ts":1763388644794,"action":"IDE_DEACTIVATED"}
{"ts":1763388652881,"action":"IDE_ACTIVATED"}
{"ts":1763388836693,"action":"IDE_DEACTIVATED"}
{"ts":1763388864103,"action":"IDE_ACTIVATED"}
{"ts":1763388870366,"action":"IDE_DEACTIVATED"}
{"ts":1763388887023,"action":"IDE_ACTIVATED"}
{"ts":1763388930318,"action":"IDE_DEACTIVATED"}
{"ts":1763388934923,"action":"IDE_ACTIVATED"}
{"ts":1763389236865,"action":"IDE_DEACTIVATED"}
{"ts":1763389246716,"action":"IDE_ACTIVATED"}
{"ts":1763389269159,"action":"IDE_DEACTIVATED"}
{"ts":1763389273722,"action":"IDE_ACTIVATED"}
{"ts":1763389287053,"action":"IDE_DEACTIVATED"}
{"ts":1763389302747,"action":"IDE_ACTIVATED"}
{"ts":1763389400797,"action":"IDE_DEACTIVATED"}
{"ts":1763389436626,"action":"IDE_ACTIVATED"}
{"ts":1763389440954,"action":"IDE_DEACTIVATED"}
{"ts":1763389487347,"action":"IDE_ACTIVATED"}
{"ts":1763389565275,"action":"IDE_DEACTIVATED"}
{"ts":1763389738486,"action":"IDE_ACTIVATED"}
{"ts":1763389780590,"action":"IDE_DEACTIVATED"}
{"ts":1763389784711,"action":"IDE_ACTIVATED"}
{"ts":1763389804793,"action":"IDE_DEACTIVATED"}
{"ts":1763389849345,"action":"IDE_ACTIVATED"}
{"ts":1763389890427,"action":"IDE_DEACTIVATED"}
{"ts":1763389908926,"action":"IDE_ACTIVATED"}
{"ts":1763390303592,"action":"IDE_DEACTIVATED"}
{"ts":1763390395629,"action":"IDE_ACTIVATED"}
{"ts":1763390618120,"action":"IDE_DEACTIVATED"}
{"ts":1763390702124,"action":"IDE_ACTIVATED"}
{"ts":1763390713076,"action":"IDE_DEACTIVATED"}
{"ts":1763390740039,"action":"IDE_ACTIVATED"}
{"ts":1763391061162,"action":"IDE_DEACTIVATED"}
{"ts":1763391126113,"action":"IDE_ACTIVATED"}
{"ts":1763391377635,"action":"IDE_DEACTIVATED"}
{"ts":1763391410887,"action":"IDE_ACTIVATED"}
{"ts":1763391416833,"action":"IDE_DEACTIVATED"}
{"ts":1763391525514,"action":"IDE_ACTIVATED"}
{"ts":1763391988604,"action":"IDE_DEACTIVATED"}
{"ts":1763392012469,"action":"IDE_ACTIVATED"}
{"ts":1763393401400,"action":"IDE_DEACTIVATED"}
{"ts":1763393452620,"action":"IDE_ACTIVATED"}
{"ts":1763393454914,"action":"IDE_DEACTIVATED"}
{"ts":1763393474380,"action":"IDE_ACTIVATED"}
{"ts":1763393520030,"action":"IDE_DEACTIVATED"}
{"ts":1763393551456,"action":"IDE_ACTIVATED"}
{"ts":1763393656325,"action":"IDE_DEACTIVATED"}
{"ts":1763393762981,"action":"IDE_ACTIVATED"}
{"ts":1763393850481,"action":"IDE_DEACTIVATED"}
{"ts":1763393859922,"action":"IDE_ACTIVATED"}
{"ts":1763393986380,"action":"IDE_DEACTIVATED"}
{"ts":1763393989551,"action":"IDE_ACTIVATED"}
{"ts":1763393989836,"action":"IDE_DEACTIVATED"}
{"ts":1763394069820,"action":"IDE_ACTIVATED"}
{"ts":1763394077607,"action":"IDE_DEACTIVATED"}
{"ts":1763394274919,"action":"IDE_ACTIVATED"}
{"ts":1763394584220,"action":"IDE_DEACTIVATED"}
{"ts":1763394595197,"action":"IDE_ACTIVATED"}
{"ts":1763394628808,"action":"IDE_DEACTIVATED"}
{"ts":1763394644897,"action":"IDE_ACTIVATED"}
{"ts":1763394854986,"action":"IDE_DEACTIVATED"}
{"ts":1763394991654,"action":"IDE_ACTIVATED"}
{"ts":1763395056232,"action":"IDE_DEACTIVATED"}
{"ts":1763395058740,"action":"IDE_ACTIVATED"}
{"ts":1763395630642,"action":"IDE_DEACTIVATED"}
{"ts":1763395663082,"action":"IDE_ACTIVATED"}
{"ts":1763395673165,"action":"IDE_DEACTIVATED"}
{"ts":1763395717377,"action":"IDE_ACTIVATED"}
{"ts":1763396428668,"action":"IDE_DEACTIVATED"}
{"ts":1763399469539,"action":"IDE_ACTIVATED"}
{"ts":1763399594765,"action":"IDE_DEACTIVATED"}
{"ts":1763399612325,"action":"IDE_ACTIVATED"}
{"ts":1763399641243,"action":"IDE_DEACTIVATED"}
{"ts":1763399654771,"action":"IDE_ACTIVATED"}
{"ts":1763399755905,"action":"IDE_DEACTIVATED"}
{"ts":1763399759636,"action":"IDE_ACTIVATED"}
{"ts":1763400279305,"action":"IDE_DEACTIVATED"}
{"ts":1763402866477,"action":"IDE_ACTIVATED"}
{"ts":1763402873773,"action":"IDE_DEACTIVATED"}
{"ts":1763402896696,"action":"IDE_ACTIVATED"}
{"ts":1763403663031,"action":"IDE_DEACTIVATED"}
{"ts":1763404064331,"action":"IDE_ACTIVATED"}
{"ts":1763404097026,"action":"IDE_DEACTIVATED"}
{"ts":1763404110959,"action":"IDE_ACTIVATED"}
{"ts":1763404181729,"action":"IDE_DEACTIVATED"}
{"ts":1763404189223,"action":"IDE_ACTIVATED"}
{"ts":1763404231351,"action":"IDE_DEACTIVATED"}
{"ts":1763404269674,"action":"IDE_ACTIVATED"}
{"ts":1763404277871,"action":"IDE_DEACTIVATED"}
{"ts":1763404281998,"action":"IDE_ACTIVATED"}
{"ts":1763405204786,"action":"IDE_DEACTIVATED"}
{"ts":1763405214032,"action":"IDE_ACTIVATED"}
{"ts":1763405388197,"action":"IDE_DEACTIVATED"}
{"ts":1763405420063,"action":"IDE_ACTIVATED"}
{"ts":1763405486183,"action":"IDE_DEACTIVATED"}
{"ts":1763405514919,"action":"IDE_ACTIVATED"}
{"ts":1763406522817,"action":"IDE_DEACTIVATED"}
{"ts":1763406545876,"action":"IDE_ACTIVATED"}
{"ts":1763406549902,"action":"FILE_CLOSED","file":"/scripts/setup/reset-database.sh","tags":{"FILE_LINE_OF_CODE":"559"}}
{"ts":1763406549902,"action":"FILE_OPENED","file":"/.env.local","tags":{"FILE_LINE_OF_CODE":"74"}}
{"ts":1763406572673,"action":"IDE_DEACTIVATED"}
{"ts":1763406660317,"action":"IDE_ACTIVATED"}
{"ts":1763406662609,"action":"FILE_CLOSED","file":"/.env.local","tags":{"FILE_LINE_OF_CODE":"74"}}
{"ts":1763406662609,"action":"FILE_OPENED","file":"/.env","tags":{"FILE_LINE_OF_CODE":"84"}}
{"ts":1763406668958,"action":"FILE_CLOSED","file":"/.env","tags":{"FILE_LINE_OF_CODE":"84"}}
{"ts":1763406668959,"action":"FILE_OPENED","file":"/.env.local","tags":{"FILE_LINE_OF_CODE":"74"}}
{"ts":1763406678978,"action":"IDE_DEACTIVATED"}
{"ts":1763406686770,"action":"IDE_ACTIVATED"}
{"ts":1763406721717,"action":"IDE_DEACTIVATED"}
{"ts":1763406769771,"action":"IDE_ACTIVATED"}
{"ts":1763406838672,"action":"IDE_DEACTIVATED"}
{"ts":1763406909191,"action":"IDE_ACTIVATED"}
{"ts":1763406943079,"action":"IDE_DEACTIVATED"}
{"ts":1763406990524,"action":"IDE_ACTIVATED"}
{"ts":1763407002590,"action":"IDE_DEACTIVATED"}
{"ts":1763407213546,"action":"IDE_ACTIVATED"}
{"ts":1763407258797,"action":"IDE_DEACTIVATED"}
{"ts":1763407285086,"action":"IDE_ACTIVATED"}
{"ts":1763407320804,"action":"IDE_DEACTIVATED"}
{"ts":1763407331448,"action":"IDE_ACTIVATED"}
{"ts":1763407363510,"action":"IDE_DEACTIVATED"}
{"ts":1763407374383,"action":"IDE_ACTIVATED"}
{"ts":1763407402677,"action":"IDE_DEACTIVATED"}
{"ts":1763407426613,"action":"IDE_ACTIVATED"}
{"ts":1763407455036,"action":"IDE_DEACTIVATED"}
{"ts":1763407583415,"action":"IDE_ACTIVATED"}
{"ts":1763407598748,"action":"IDE_DEACTIVATED"}
{"ts":1763407773430,"action":"IDE_ACTIVATED"}
{"ts":1763407790615,"action":"IDE_DEACTIVATED"}
{"ts":1763407795461,"action":"IDE_ACTIVATED"}
{"ts":1763407821177,"action":"IDE_DEACTIVATED"}
{"ts":1763407839882,"action":"IDE_ACTIVATED"}
{"ts":1763407958995,"action":"IDE_DEACTIVATED"}
{"ts":1763407968526,"action":"IDE_ACTIVATED"}
{"ts":1763407973543,"action":"IDE_DEACTIVATED"}
{"ts":1763407993331,"action":"IDE_ACTIVATED"}
{"ts":1763408052889,"action":"IDE_DEACTIVATED"}
{"ts":1763408066943,"action":"IDE_ACTIVATED"}
{"ts":1763408090366,"action":"IDE_DEACTIVATED"}
{"ts":1763408107820,"action":"IDE_ACTIVATED"}
{"ts":1763408128202,"action":"IDE_DEACTIVATED"}
{"ts":1763408136273,"action":"IDE_ACTIVATED"}
{"ts":1763408380320,"action":"IDE_DEACTIVATED"}
{"ts":1763408386134,"action":"IDE_ACTIVATED"}
{"ts":1763408451875,"action":"IDE_DEACTIVATED"}
{"ts":1763408461174,"action":"IDE_ACTIVATED"}
{"ts":1763408487407,"action":"IDE_DEACTIVATED"}
{"ts":1763408495947,"action":"IDE_ACTIVATED"}
{"ts":1763408519195,"action":"IDE_DEACTIVATED"}
{"ts":1763408642410,"action":"IDE_ACTIVATED"}
{"ts":1763408729208,"action":"IDE_DEACTIVATED"}
{"ts":1763408737233,"action":"IDE_ACTIVATED"}
{"ts":1763408771252,"action":"IDE_DEACTIVATED"}
{"ts":1763408801945,"action":"IDE_ACTIVATED"}
{"ts":1763408803619,"action":"IDE_DEACTIVATED"}
{"ts":1763408914250,"action":"IDE_ACTIVATED"}
{"ts":1763408943214,"action":"IDE_DEACTIVATED"}
{"ts":1763408975852,"action":"IDE_ACTIVATED"}
{"ts":1763409111089,"action":"IDE_DEACTIVATED"}
{"ts":1763409128590,"action":"IDE_ACTIVATED"}
{"ts":1763409210881,"action":"IDE_DEACTIVATED"}
{"ts":1763409217254,"action":"IDE_ACTIVATED"}
{"ts":1763409219141,"action":"IDE_DEACTIVATED"}
{"ts":1763409282578,"action":"IDE_ACTIVATED"}
{"ts":1763409292135,"action":"IDE_DEACTIVATED"}
{"ts":1763409300016,"action":"IDE_ACTIVATED"}
{"ts":1763409326121,"action":"IDE_DEACTIVATED"}
{"ts":1763409333844,"action":"IDE_ACTIVATED"}
{"ts":1763409474794,"action":"IDE_DEACTIVATED"}
{"ts":1763409482970,"action":"IDE_ACTIVATED"}
{"ts":1763409568351,"action":"IDE_DEACTIVATED"}
{"ts":1763409577644,"action":"IDE_ACTIVATED"}
{"ts":1763409655894,"action":"IDE_DEACTIVATED"}
{"ts":1763409761927,"action":"IDE_ACTIVATED"}
{"ts":1763409771587,"action":"IDE_DEACTIVATED"}
{"ts":1763409775064,"action":"IDE_ACTIVATED"}
{"ts":1763410388614,"action":"IDE_DEACTIVATED"}
{"ts":1763410737648,"action":"IDE_ACTIVATED"}
{"ts":1763411476420,"action":"IDE_DEACTIVATED"}
{"ts":1763411488733,"action":"IDE_ACTIVATED"}
{"ts":1763411490755,"action":"IDE_DEACTIVATED"}
{"ts":1763411495196,"action":"IDE_ACTIVATED"}
{"ts":1763411734905,"action":"IDE_DEACTIVATED"}
{"ts":1763411958085,"action":"IDE_ACTIVATED"}
{"ts":1763412049910,"action":"IDE_DEACTIVATED"}
{"ts":1763412138908,"action":"IDE_ACTIVATED"}
{"ts":1763412166360,"action":"IDE_DEACTIVATED"}
{"ts":1763412172421,"action":"IDE_ACTIVATED"}
{"ts":1763412248475,"action":"IDE_DEACTIVATED"}
{"ts":1763412273595,"action":"IDE_ACTIVATED"}
{"ts":1763412338066,"action":"IDE_DEACTIVATED"}
{"ts":1763412510242,"action":"IDE_ACTIVATED"}
{"ts":1763412547528,"action":"IDE_DEACTIVATED"}
{"ts":1763412558005,"action":"IDE_ACTIVATED"}
{"ts":1763412644554,"action":"IDE_DEACTIVATED"}
{"ts":1763412691017,"action":"IDE_ACTIVATED"}
{"ts":1763412713858,"action":"IDE_DEACTIVATED"}
{"ts":1763412818615,"action":"IDE_ACTIVATED"}
{"ts":1763412875278,"action":"IDE_DEACTIVATED"}
{"ts":1763412882053,"action":"IDE_ACTIVATED"}
{"ts":1763413036513,"action":"IDE_DEACTIVATED"}
{"ts":1763413048982,"action":"IDE_ACTIVATED"}
{"ts":1763413118944,"action":"IDE_DEACTIVATED"}
{"ts":1763413147056,"action":"IDE_ACTIVATED"}
{"ts":1763413299577,"action":"IDE_DEACTIVATED"}
{"ts":1763413410898,"action":"IDE_ACTIVATED"}
{"ts":1763413742369,"action":"IDE_DEACTIVATED"}
{"ts":1763413819722,"action":"IDE_ACTIVATED"}
{"ts":1763413821669,"action":"IDE_DEACTIVATED"}
{"ts":1763413880495,"action":"IDE_ACTIVATED"}
{"ts":1763413966526,"action":"IDE_DEACTIVATED"}
{"ts":1763414035575,"action":"IDE_ACTIVATED"}
{"ts":1763414213448,"action":"IDE_DEACTIVATED"}
{"ts":1763414241760,"action":"IDE_ACTIVATED"}
{"ts":1763414248916,"action":"IDE_DEACTIVATED"}
{"ts":1763414261140,"action":"IDE_ACTIVATED"}
{"ts":1763414270109,"action":"IDE_DEACTIVATED"}
{"ts":1763414276983,"action":"IDE_ACTIVATED"}
{"ts":1763414280767,"action":"IDE_DEACTIVATED"}
{"ts":1763414321567,"action":"IDE_ACTIVATED"}
{"ts":1763414325073,"action":"IDE_DEACTIVATED"}
{"ts":1763414376041,"action":"IDE_ACTIVATED"}
{"ts":1763414383823,"action":"IDE_DEACTIVATED"}
{"ts":1763414500424,"action":"IDE_ACTIVATED"}
{"ts":1763414507116,"action":"IDE_DEACTIVATED"}
{"ts":1763414516793,"action":"IDE_ACTIVATED"}
{"ts":1763414567828,"action":"IDE_DEACTIVATED"}
{"ts":1763414585286,"action":"IDE_ACTIVATED"}
{"ts":1763414652464,"action":"IDE_DEACTIVATED"}
{"ts":1763414678215,"action":"IDE_ACTIVATED"}
{"ts":1763414682242,"action":"IDE_DEACTIVATED"}
{"ts":1763414704400,"action":"IDE_ACTIVATED"}
{"ts":1763414707680,"action":"IDE_DEACTIVATED"}
{"ts":1763414717220,"action":"IDE_ACTIVATED"}
{"ts":1763414721318,"action":"IDE_DEACTIVATED"}
{"ts":1763414750542,"action":"IDE_ACTIVATED"}
{"ts":1763414772575,"action":"IDE_DEACTIVATED"}
{"ts":1763414777062,"action":"IDE_ACTIVATED"}
{"ts":1763414789400,"action":"IDE_DEACTIVATED"}
{"ts":1763414801924,"action":"IDE_ACTIVATED"}
{"ts":1763414833585,"action":"IDE_DEACTIVATED"}
{"ts":1763414882833,"action":"IDE_ACTIVATED"}
{"ts":1763414930677,"action":"IDE_DEACTIVATED"}
{"ts":1763414939452,"action":"IDE_ACTIVATED"}
{"ts":1763414944112,"action":"IDE_DEACTIVATED"}
{"ts":1763414951228,"action":"IDE_ACTIVATED"}
{"ts":1763414972047,"action":"IDE_DEACTIVATED"}
{"ts":1763415055652,"action":"IDE_ACTIVATED"}
{"ts":1763415078180,"action":"IDE_DEACTIVATED"}
{"ts":1763415091753,"action":"IDE_ACTIVATED"}
{"ts":1763415107336,"action":"IDE_DEACTIVATED"}
{"ts":1763415186909,"action":"IDE_ACTIVATED"}
{"ts":1763415207617,"action":"IDE_DEACTIVATED"}
{"ts":1763415268044,"action":"IDE_ACTIVATED"}
{"ts":1763415286934,"action":"IDE_DEACTIVATED"}
{"ts":1763415292123,"action":"IDE_ACTIVATED"}
{"ts":1763415309237,"action":"IDE_DEACTIVATED"}
{"ts":1763415312593,"action":"IDE_ACTIVATED"}
{"ts":1763415380818,"action":"IDE_DEACTIVATED"}
{"ts":1763415399726,"action":"IDE_ACTIVATED"}
{"ts":1763415402472,"action":"IDE_DEACTIVATED"}
{"ts":1763415578720,"action":"IDE_ACTIVATED"}
{"ts":1763415610197,"action":"IDE_DEACTIVATED"}
{"ts":1763415651560,"action":"IDE_ACTIVATED"}
{"ts":1763415843500,"action":"IDE_DEACTIVATED"}
{"ts":1763415911620,"action":"IDE_ACTIVATED"}
{"ts":1763415928657,"action":"IDE_DEACTIVATED"}
{"ts":1763416290333,"action":"IDE_ACTIVATED"}
{"ts":1763416303141,"action":"IDE_DEACTIVATED"}
{"ts":1763416312038,"action":"IDE_ACTIVATED"}
{"ts":1763416345124,"action":"IDE_DEACTIVATED"}
{"ts":1763416363649,"action":"IDE_ACTIVATED"}
{"ts":1763416385106,"action":"IDE_DEACTIVATED"}
{"ts":1763416400157,"action":"IDE_ACTIVATED"}
{"ts":1763416405219,"action":"IDE_DEACTIVATED"}
{"ts":1763416418848,"action":"IDE_ACTIVATED"}
{"ts":1763416460347,"action":"IDE_DEACTIVATED"}
{"ts":1763416475851,"action":"IDE_ACTIVATED"}
{"ts":1763416517284,"action":"IDE_DEACTIVATED"}
{"ts":1763416608218,"action":"IDE_ACTIVATED"}
{"ts":1763416629437,"action":"IDE_DEACTIVATED"}
{"ts":1763416748274,"action":"IDE_ACTIVATED"}
{"ts":1763416888688,"action":"IDE_DEACTIVATED"}
{"ts":1763420655967,"action":"IDE_ACTIVATED"}
{"ts":1763420667828,"action":"IDE_DEACTIVATED"}
{"ts":1763420688282,"action":"IDE_ACTIVATED"}
{"ts":1763420698371,"action":"IDE_DEACTIVATED"}
{"ts":1763420805290,"action":"IDE_ACTIVATED"}
{"ts":1763420830792,"action":"IDE_DEACTIVATED"}
{"ts":1763420890765,"action":"IDE_ACTIVATED"}
{"ts":1763420899662,"action":"IDE_DEACTIVATED"}
{"ts":1763420958090,"action":"IDE_ACTIVATED"}
{"ts":1763420969354,"action":"IDE_DEACTIVATED"}
{"ts":1763421005682,"action":"IDE_ACTIVATED"}
{"ts":1763421010117,"action":"IDE_DEACTIVATED"}
{"ts":1763421052467,"action":"IDE_ACTIVATED"}
{"ts":1763421092712,"action":"IDE_DEACTIVATED"}
{"ts":1763421115801,"action":"IDE_ACTIVATED"}
{"ts":1763421249435,"action":"IDE_DEACTIVATED"}
{"ts":1763421465653,"action":"IDE_ACTIVATED"}
{"ts":1763421479199,"action":"IDE_DEACTIVATED"}
{"ts":1763421525945,"action":"IDE_ACTIVATED"}
{"ts":1763421581743,"action":"IDE_DEACTIVATED"}
{"ts":1763421593151,"action":"IDE_ACTIVATED"}
{"ts":1763421717300,"action":"IDE_DEACTIVATED"}
{"ts":1763421755210,"action":"IDE_ACTIVATED"}
{"ts":1763421785386,"action":"IDE_DEACTIVATED"}
{"ts":1763421938248,"action":"IDE_ACTIVATED"}
{"ts":1763421949063,"action":"IDE_DEACTIVATED"}
{"ts":1763421958334,"action":"IDE_ACTIVATED"}
{"ts":1763421965030,"action":"IDE_DEACTIVATED"}
{"ts":1763421976747,"action":"IDE_ACTIVATED"}
{"ts":1763421991041,"action":"IDE_DEACTIVATED"}
{"ts":1763421996763,"action":"IDE_ACTIVATED"}
{"ts":1763422160113,"action":"IDE_DEACTIVATED"}
{"ts":1763422168342,"action":"IDE_ACTIVATED"}
{"ts":1763422175356,"action":"IDE_DEACTIVATED"}
{"ts":1763422264191,"action":"IDE_ACTIVATED"}
{"ts":1763422304811,"action":"IDE_DEACTIVATED"}
{"ts":1763422329136,"action":"IDE_ACTIVATED"}
{"ts":1763422337774,"action":"IDE_DEACTIVATED"}
{"ts":1763422362030,"action":"IDE_ACTIVATED"}
{"ts":1763422530344,"action":"IDE_DEACTIVATED"}
{"ts":1763422555766,"action":"IDE_ACTIVATED"}
{"ts":1763422615065,"action":"IDE_DEACTIVATED"}
{"ts":1763422661941,"action":"IDE_ACTIVATED"}
{"ts":1763422688805,"action":"IDE_DEACTIVATED"}
{"ts":1763422692363,"action":"IDE_ACTIVATED"}
{"ts":1763422695308,"action":"IDE_DEACTIVATED"}
{"ts":1763422745892,"action":"IDE_ACTIVATED"}
{"ts":1763422788243,"action":"IDE_DEACTIVATED"}
{"ts":1763422891568,"action":"IDE_ACTIVATED"}
{"ts":1763422898587,"action":"IDE_DEACTIVATED"}
{"ts":1763422967122,"action":"IDE_ACTIVATED"}
{"ts":1763422971634,"action":"IDE_DEACTIVATED"}
{"ts":1763422992775,"action":"IDE_ACTIVATED"}
{"ts":1763423099504,"action":"IDE_DEACTIVATED"}
{"ts":1763423321946,"action":"IDE_ACTIVATED"}
{"ts":1763423329488,"action":"IDE_DEACTIVATED"}
{"ts":1763423362314,"action":"IDE_ACTIVATED"}
{"ts":1763423372543,"action":"IDE_DEACTIVATED"}
{"ts":1763423424725,"action":"IDE_ACTIVATED"}
{"ts":1763423453331,"action":"IDE_DEACTIVATED"}
{"ts":1763423495152,"action":"IDE_ACTIVATED"}
{"ts":1763423512426,"action":"IDE_DEACTIVATED"}
{"ts":1763423534530,"action":"IDE_ACTIVATED"}
{"ts":1763423562428,"action":"IDE_DEACTIVATED"}
{"ts":1763423566954,"action":"IDE_ACTIVATED"}
{"ts":1763423573138,"action":"IDE_DEACTIVATED"}
{"ts":1763423621338,"action":"IDE_ACTIVATED"}
{"ts":1763423633744,"action":"IDE_DEACTIVATED"}
{"ts":1763423635691,"action":"IDE_ACTIVATED"}
{"ts":1763423693661,"action":"IDE_DEACTIVATED"}
{"ts":1763423720569,"action":"IDE_ACTIVATED"}
{"ts":1763423756273,"action":"IDE_DEACTIVATED"}
{"ts":1763423797667,"action":"IDE_ACTIVATED"}
{"ts":1763423869588,"action":"IDE_DEACTIVATED"}
{"ts":1763423925409,"action":"IDE_ACTIVATED"}
{"ts":1763423929689,"action":"IDE_DEACTIVATED"}
{"ts":1763423946334,"action":"IDE_ACTIVATED"}
{"ts":1763423976226,"action":"IDE_DEACTIVATED"}
{"ts":1763423980242,"action":"IDE_ACTIVATED"}
{"ts":1763424012995,"action":"IDE_DEACTIVATED"}
{"ts":1763424019793,"action":"IDE_ACTIVATED"}
{"ts":1763424036661,"action":"IDE_DEACTIVATED"}
{"ts":1763424082387,"action":"IDE_ACTIVATED"}
{"ts":1763424135098,"action":"IDE_DEACTIVATED"}
{"ts":1763424139991,"action":"IDE_ACTIVATED"}
{"ts":1763424141760,"action":"IDE_DEACTIVATED"}
{"ts":1763424152349,"action":"IDE_ACTIVATED"}
{"ts":1763424153869,"action":"IDE_DEACTIVATED"}
{"ts":1763424195412,"action":"IDE_ACTIVATED"}
{"ts":1763424210261,"action":"IDE_DEACTIVATED"}
{"ts":1763424228387,"action":"IDE_ACTIVATED"}
{"ts":1763424257261,"action":"IDE_DEACTIVATED"}
{"ts":1763424288018,"action":"IDE_ACTIVATED"}
{"ts":1763424312725,"action":"IDE_DEACTIVATED"}
{"ts":1763424332908,"action":"IDE_ACTIVATED"}
{"ts":1763424335784,"action":"IDE_DEACTIVATED"}
{"ts":1763424383962,"action":"IDE_ACTIVATED"}
{"ts":1763424388521,"action":"IDE_DEACTIVATED"}
{"ts":1763424393246,"action":"IDE_ACTIVATED"}
{"ts":1763424401831,"action":"IDE_DEACTIVATED"}
{"ts":1763424405113,"action":"IDE_ACTIVATED"}
{"ts":1763424413959,"action":"IDE_DEACTIVATED"}
{"ts":1763424426006,"action":"IDE_ACTIVATED"}
{"ts":1763424428389,"action":"IDE_DEACTIVATED"}
{"ts":1763424441472,"action":"IDE_ACTIVATED"}
{"ts":1763424457182,"action":"IDE_DEACTIVATED"}
{"ts":1763424512074,"action":"IDE_ACTIVATED"}
{"ts":1763424521312,"action":"IDE_DEACTIVATED"}
{"ts":1763424526836,"action":"IDE_ACTIVATED"}
{"ts":1763424548573,"action":"IDE_DEACTIVATED"}
{"ts":1763424554008,"action":"IDE_ACTIVATED"}
{"ts":1763424561631,"action":"IDE_DEACTIVATED"}
{"ts":1763424563730,"action":"IDE_ACTIVATED"}
{"ts":1763424566074,"action":"IDE_DEACTIVATED"}
{"ts":1763453254267,"action":"IDE_ACTIVATED"}
{"ts":1763453284601,"action":"IDE_DEACTIVATED"}
{"ts":1763453489617,"action":"IDE_ACTIVATED"}
{"ts":1763453490861,"action":"IDE_DEACTIVATED"}
{"ts":1763455469986,"action":"IDE_ACTIVATED"}
{"ts":1763455481474,"action":"IDE_DEACTIVATED"}
{"ts":1763455607355,"action":"IDE_ACTIVATED"}
{"ts":1763455701990,"action":"IDE_DEACTIVATED"}
{"ts":1763455717176,"action":"IDE_ACTIVATED"}
{"ts":1763455722465,"action":"FILE_CLOSED","file":"/.env.local","tags":{"FILE_LINE_OF_CODE":"74"}}
{"ts":1763455722465,"action":"FILE_OPENED","file":"/.env.dev","tags":{"FILE_LINE_OF_CODE":"5"}}
{"ts":1763455725472,"action":"FILE_CLOSED","file":"/.env.dev","tags":{"FILE_LINE_OF_CODE":"5"}}
{"ts":1763455725472,"action":"FILE_OPENED","file":"/.env.prod.example","tags":{"FILE_LINE_OF_CODE":"68"}}
{"ts":1763455728657,"action":"IDE_DEACTIVATED"}
{"ts":1763455905632,"action":"IDE_ACTIVATED"}
{"ts":1763455954236,"action":"IDE_DEACTIVATED"}
{"ts":1763455962571,"action":"IDE_ACTIVATED"}
{"ts":1763456040160,"action":"IDE_DEACTIVATED"}
{"ts":1763456110884,"action":"IDE_ACTIVATED"}
{"ts":1763456141457,"action":"IDE_DEACTIVATED"}
{"ts":1763456209300,"action":"IDE_ACTIVATED"}
{"ts":1763456225073,"action":"IDE_DEACTIVATED"}
{"ts":1763456311692,"action":"IDE_ACTIVATED"}
{"ts":1763456362360,"action":"IDE_DEACTIVATED"}
{"ts":1763456409510,"action":"IDE_ACTIVATED"}
{"ts":1763456437104,"action":"IDE_DEACTIVATED"}
{"ts":1763456493583,"action":"IDE_ACTIVATED"}
{"ts":1763456508061,"action":"IDE_DEACTIVATED"}
{"ts":1763456543467,"action":"IDE_ACTIVATED"}
{"ts":1763456553148,"action":"IDE_DEACTIVATED"}
{"ts":1763456619800,"action":"IDE_ACTIVATED"}
{"ts":1763456633488,"action":"IDE_DEACTIVATED"}
{"ts":1763456695019,"action":"IDE_ACTIVATED"}
{"ts":1763456705959,"action":"IDE_DEACTIVATED"}
{"ts":1763458146276,"action":"IDE_ACTIVATED"}
{"ts":1763458148471,"action":"IDE_DEACTIVATED"}
{"ts":1763459180529,"action":"IDE_ACTIVATED"}
{"ts":1763459184516,"action":"IDE_DEACTIVATED"}
{"ts":1763460911573,"action":"IDE_ACTIVATED"}
{"ts":1763460913267,"action":"IDE_DEACTIVATED"}
{"ts":1763460985722,"action":"IDE_ACTIVATED"}
{"ts":1763460989097,"action":"IDE_DEACTIVATED"}
{"ts":1763461030603,"action":"IDE_ACTIVATED"}
{"ts":1763461036397,"action":"IDE_DEACTIVATED"}
{"ts":1763461036401,"action":"IDE_ACTIVATED"}
{"ts":1763461040874,"action":"IDE_DEACTIVATED"}
{"ts":1763461045751,"action":"IDE_ACTIVATED"}
{"ts":1763461069945,"action":"IDE_DEACTIVATED"}
{"ts":1763461090356,"action":"IDE_ACTIVATED"}
{"ts":1763461093203,"action":"IDE_DEACTIVATED"}
{"ts":1763461234685,"action":"IDE_ACTIVATED"}
{"ts":1763461333884,"action":"IDE_DEACTIVATED"}
{"ts":1763462836845,"action":"IDE_ACTIVATED"}
{"ts":1763462866561,"action":"IDE_DEACTIVATED"}
{"ts":1763462950015,"action":"IDE_ACTIVATED"}
{"ts":1763463295281,"action":"IDE_DEACTIVATED"}
{"ts":1763463295286,"action":"IDE_ACTIVATED"}
{"ts":1763463351000,"action":"IDE_DEACTIVATED"}
{"ts":1763463360716,"action":"IDE_ACTIVATED"}
{"ts":1763463374901,"action":"IDE_DEACTIVATED"}
{"ts":1763463764818,"action":"IDE_ACTIVATED"}
{"ts":1763463826625,"action":"IDE_DEACTIVATED"}
{"ts":1763463838832,"action":"IDE_ACTIVATED"}
{"ts":1763463855414,"action":"IDE_DEACTIVATED"}
{"ts":1763463972261,"action":"IDE_ACTIVATED"}
{"ts":1763464084203,"action":"IDE_DEACTIVATED"}
{"ts":1763464084206,"action":"IDE_ACTIVATED"}
{"ts":1763464112396,"action":"IDE_DEACTIVATED"}
{"ts":1763464183075,"action":"IDE_ACTIVATED"}
{"ts":1763464197741,"action":"IDE_DEACTIVATED"}
{"ts":1763464569998,"action":"FILE_OPENED","file":"/.env.prod.example","tags":{"FILE_LINE_OF_CODE":"68"}}
{"ts":1763464570593,"action":"PROJECT_OPENED","tags":{"PROJECT_NAME":"Little-ISMS-Helper"}}
{"ts":1763464609318,"action":"IDE_DEACTIVATED"}
{"ts":1763464642649,"action":"IDE_ACTIVATED"}
{"ts":1763464658896,"action":"IDE_DEACTIVATED"}
{"ts":1763464670541,"action":"IDE_ACTIVATED"}
{"ts":1763464680391,"action":"IDE_DEACTIVATED"}
{"ts":1763464700080,"action":"IDE_ACTIVATED"}
{"ts":1763464704882,"action":"FILE_CLOSED","file":"/.env.prod.example","tags":{"FILE_LINE_OF_CODE":"68"}}
{"ts":1763464704882,"action":"FILE_OPENED","file":"/.env.local","tags":{"FILE_LINE_OF_CODE":"74"}}
{"ts":1763464745945,"action":"IDE_DEACTIVATED"}
{"ts":1763466928450,"action":"IDE_ACTIVATED"}
{"ts":1763466960759,"action":"FILE_CLOSED","file":"/.env.local","tags":{"FILE_LINE_OF_CODE":"74"}}
{"ts":1763467036867,"action":"FILE_OPENED","file":"/.env.local","tags":{"FILE_LINE_OF_CODE":"74"}}
{"ts":1763467048505,"action":"IDE_DEACTIVATED"}
{"ts":1763467048536,"action":"IDE_ACTIVATED"}
{"ts":1763467049121,"action":"IDE_DEACTIVATED"}
{"ts":1763467052282,"action":"FILE_CLOSED","file":"/.env.local","tags":{"FILE_LINE_OF_CODE":"74"}}
{"ts":1763467198882,"action":"IDE_ACTIVATED"}
{"ts":1763467201555,"action":"FILE_OPENED","file":"/.env.local","tags":{"FILE_LINE_OF_CODE":"74"}}
{"ts":1763467204143,"action":"IDE_DEACTIVATED"}
{"ts":1763467268975,"action":"IDE_ACTIVATED"}
{"ts":1763467272672,"action":"IDE_DEACTIVATED"}
{"ts":1763467380800,"action":"IDE_ACTIVATED"}
{"ts":1763467386408,"action":"IDE_DEACTIVATED"}
{"ts":1763467818174,"action":"IDE_ACTIVATED"}
{"ts":1763467835153,"action":"IDE_DEACTIVATED"}
{"ts":1763467845769,"action":"IDE_ACTIVATED"}
{"ts":1763467865605,"action":"IDE_DEACTIVATED"}
{"ts":1763467905106,"action":"IDE_ACTIVATED"}
{"ts":1763467916110,"action":"IDE_DEACTIVATED"}
{"ts":1763467917611,"action":"IDE_ACTIVATED"}
{"ts":1763467930083,"action":"IDE_DEACTIVATED"}
{"ts":1763468200329,"action":"IDE_ACTIVATED"}
{"ts":1763468206593,"action":"IDE_DEACTIVATED"}
{"ts":1763468218313,"action":"IDE_ACTIVATED"}
{"ts":1763468245059,"action":"IDE_DEACTIVATED"}
{"ts":1763468266580,"action":"IDE_ACTIVATED"}
{"ts":1763468376075,"action":"IDE_DEACTIVATED"}
{"ts":1763468442013,"action":"IDE_ACTIVATED"}
{"ts":1763468456611,"action":"IDE_DEACTIVATED"}
{"ts":1763468469170,"action":"IDE_ACTIVATED"}
{"ts":1763468486861,"action":"IDE_DEACTIVATED"}
{"ts":1763468523696,"action":"IDE_ACTIVATED"}
{"ts":1763468538514,"action":"IDE_DEACTIVATED"}
{"ts":1763468555325,"action":"IDE_ACTIVATED"}
{"ts":1763468675162,"action":"IDE_DEACTIVATED"}
{"ts":1763468704010,"action":"IDE_ACTIVATED"}
{"ts":1763468730644,"action":"IDE_DEACTIVATED"}
{"ts":1763468736029,"action":"IDE_ACTIVATED"}
{"ts":1763468752849,"action":"IDE_DEACTIVATED"}
{"ts":1763468758625,"action":"IDE_ACTIVATED"}
{"ts":1763468803455,"action":"IDE_DEACTIVATED"}
{"ts":1763468839613,"action":"IDE_ACTIVATED"}
{"ts":1763468841395,"action":"IDE_DEACTIVATED"}
{"ts":1763468908477,"action":"IDE_ACTIVATED"}
{"ts":1763468929489,"action":"IDE_DEACTIVATED"}
{"ts":1763468985494,"action":"IDE_ACTIVATED"}
{"ts":1763469003857,"action":"IDE_DEACTIVATED"}
{"ts":1763469006598,"action":"IDE_ACTIVATED"}
{"ts":1763469031848,"action":"IDE_DEACTIVATED"}
{"ts":1763469063285,"action":"IDE_ACTIVATED"}
{"ts":1763469100120,"action":"IDE_DEACTIVATED"}
{"ts":1763469131359,"action":"IDE_ACTIVATED"}
{"ts":1763469138416,"action":"IDE_DEACTIVATED"}
{"ts":1763469169542,"action":"IDE_ACTIVATED"}
{"ts":1763469179755,"action":"IDE_DEACTIVATED"}
{"ts":1763469200428,"action":"IDE_ACTIVATED"}
{"ts":1763469230820,"action":"IDE_DEACTIVATED"}
{"ts":1763469238340,"action":"IDE_ACTIVATED"}
{"ts":1763469288596,"action":"IDE_DEACTIVATED"}
{"ts":1763469334830,"action":"IDE_ACTIVATED"}
{"ts":1763469366852,"action":"IDE_DEACTIVATED"}
{"ts":1763469406017,"action":"IDE_ACTIVATED"}
{"ts":1763469455822,"action":"IDE_DEACTIVATED"}
{"ts":1763469461466,"action":"IDE_ACTIVATED"}
{"ts":1763469545199,"action":"IDE_DEACTIVATED"}
{"ts":1763469598179,"action":"IDE_ACTIVATED"}
{"ts":1763469603257,"action":"IDE_DEACTIVATED"}
{"ts":1763469620680,"action":"IDE_ACTIVATED"}
{"ts":1763469676780,"action":"IDE_DEACTIVATED"}
{"ts":1763469752350,"action":"IDE_ACTIVATED"}
{"ts":1763469784400,"action":"IDE_DEACTIVATED"}
{"ts":1763469804743,"action":"IDE_ACTIVATED"}
{"ts":1763469808265,"action":"IDE_DEACTIVATED"}
{"ts":1763469818467,"action":"IDE_ACTIVATED"}
{"ts":1763469836708,"action":"IDE_DEACTIVATED"}
{"ts":1763469891432,"action":"IDE_ACTIVATED"}
{"ts":1763469917920,"action":"IDE_DEACTIVATED"}
{"ts":1763469927129,"action":"IDE_ACTIVATED"}
{"ts":1763469990733,"action":"IDE_DEACTIVATED"}
{"ts":1763469999237,"action":"IDE_ACTIVATED"}
{"ts":1763470007297,"action":"IDE_DEACTIVATED"}
{"ts":1763470012118,"action":"IDE_ACTIVATED"}
{"ts":1763470018512,"action":"IDE_DEACTIVATED"}
{"ts":1763470025500,"action":"IDE_ACTIVATED"}
{"ts":1763470041879,"action":"IDE_DEACTIVATED"}
{"ts":1763470048102,"action":"IDE_ACTIVATED"}
{"ts":1763470076844,"action":"IDE_DEACTIVATED"}
{"ts":1763470126825,"action":"IDE_ACTIVATED"}
{"ts":1763470133893,"action":"IDE_DEACTIVATED"}
{"ts":1763470187576,"action":"IDE_ACTIVATED"}
{"ts":1763470201636,"action":"IDE_DEACTIVATED"}
{"ts":1763470208332,"action":"IDE_ACTIVATED"}
{"ts":1763470242846,"action":"IDE_DEACTIVATED"}
{"ts":1763470349178,"action":"IDE_ACTIVATED"}
{"ts":1763470437958,"action":"IDE_DEACTIVATED"}
{"ts":1763470471918,"action":"IDE_ACTIVATED"}
{"ts":1763470485090,"action":"IDE_DEACTIVATED"}
{"ts":1763470492879,"action":"IDE_ACTIVATED"}
{"ts":1763470522262,"action":"IDE_DEACTIVATED"}
{"ts":1763470532730,"action":"IDE_ACTIVATED"}
{"ts":1763470579264,"action":"IDE_DEACTIVATED"}
{"ts":1763470584880,"action":"IDE_ACTIVATED"}
{"ts":1763470599572,"action":"FILE_CLOSED","file":"/.env.local","tags":{"FILE_LINE_OF_CODE":"74"}}
{"ts":1763470599572,"action":"FILE_OPENED","file":"/composer.json","tags":{"FILE_LINE_OF_CODE":"135"}}
{"ts":1763470679050,"action":"IDE_DEACTIVATED"}
{"ts":1763470706169,"action":"IDE_ACTIVATED"}
{"ts":1763470716076,"action":"IDE_DEACTIVATED"}
{"ts":1763470754270,"action":"IDE_ACTIVATED"}
{"ts":1763470773026,"action":"IDE_DEACTIVATED"}
{"ts":1763470778779,"action":"IDE_ACTIVATED"}
{"ts":1763470815877,"action":"IDE_DEACTIVATED"}
{"ts":1763470818674,"action":"IDE_ACTIVATED"}
{"ts":1763470857292,"action":"IDE_DEACTIVATED"}
{"ts":1763470880973,"action":"IDE_ACTIVATED"}
{"ts":1763470916005,"action":"IDE_DEACTIVATED"}
{"ts":1763470918415,"action":"IDE_ACTIVATED"}
{"ts":1763471018755,"action":"IDE_DEACTIVATED"}
{"ts":1763471041603,"action":"IDE_ACTIVATED"}
{"ts":1763471043940,"action":"IDE_DEACTIVATED"}
{"ts":1763471054420,"action":"IDE_ACTIVATED"}
{"ts":1763471076576,"action":"IDE_DEACTIVATED"}
{"ts":1763471106756,"action":"IDE_ACTIVATED"}
{"ts":1763471115872,"action":"IDE_DEACTIVATED"}
{"ts":1763471138659,"action":"IDE_ACTIVATED"}
{"ts":1763471350512,"action":"IDE_DEACTIVATED"}
{"ts":1763471361076,"action":"IDE_ACTIVATED"}
{"ts":1763471411339,"action":"IDE_DEACTIVATED"}
{"ts":1763471417161,"action":"IDE_ACTIVATED"}
{"ts":1763471468432,"action":"IDE_DEACTIVATED"}
{"ts":1763471482049,"action":"IDE_ACTIVATED"}
{"ts":1763471484652,"action":"FILE_CLOSED","file":"/composer.json","tags":{"FILE_LINE_OF_CODE":"135"}}
{"ts":1763471484652,"action":"FILE_OPENED","file":"/.env.local","tags":{"FILE_LINE_OF_CODE":"74"}}
{"ts":1763471494257,"action":"IDE_DEACTIVATED"}
{"ts":1763471515214,"action":"IDE_ACTIVATED"}
{"ts":1763471572945,"action":"IDE_DEACTIVATED"}
{"ts":1763471585853,"action":"IDE_ACTIVATED"}
{"ts":1763471593927,"action":"IDE_DEACTIVATED"}
{"ts":1763471644551,"action":"IDE_ACTIVATED"}
{"ts":1763471701715,"action":"IDE_DEACTIVATED"}
{"ts":1763471713447,"action":"IDE_ACTIVATED"}
{"ts":1763471829379,"action":"IDE_DEACTIVATED"}
{"ts":1763471879114,"action":"IDE_ACTIVATED"}
{"ts":1763471885095,"action":"IDE_DEACTIVATED"}
{"ts":1763471918808,"action":"IDE_ACTIVATED"}
{"ts":1763471939127,"action":"IDE_DEACTIVATED"}
{"ts":1763471966294,"action":"IDE_ACTIVATED"}
{"ts":1763471968406,"action":"FILE_CLOSED","file":"/.env.local","tags":{"FILE_LINE_OF_CODE":"29"}}
{"ts":1763471968406,"action":"FILE_OPENED","file":"/.env","tags":{"FILE_LINE_OF_CODE":"84"}}
{"ts":1763471974559,"action":"FILE_CLOSED","file":"/.env","tags":{"FILE_LINE_OF_CODE":"84"}}
{"ts":1763471974559,"action":"FILE_OPENED","file":"/.env.local","tags":{"FILE_LINE_OF_CODE":"29"}}
{"ts":1763472005830,"action":"FILE_CLOSED","file":"/.env.local","tags":{"FILE_LINE_OF_CODE":"29"}}
{"ts":1763472005830,"action":"FILE_OPENED","file":"/.env.local.backup","tags":{"FILE_LINE_OF_CODE":"29"}}
{"ts":1763472010269,"action":"FILE_CLOSED","file":"/.env.local.backup","tags":{"FILE_LINE_OF_CODE":"29"}}
{"ts":1763472010269,"action":"FILE_OPENED","file":"/.env.local","tags":{"FILE_LINE_OF_CODE":"29"}}
{"ts":1763472209495,"action":"IDE_DEACTIVATED"}
{"ts":1763472256691,"action":"IDE_ACTIVATED"}
{"ts":1763472260252,"action":"IDE_DEACTIVATED"}
{"ts":1763472277536,"action":"IDE_ACTIVATED"}
{"ts":1763472286274,"action":"IDE_DEACTIVATED"}
{"ts":1763472336890,"action":"IDE_ACTIVATED"}
{"ts":1763472384189,"action":"IDE_DEACTIVATED"}
{"ts":1763472423759,"action":"IDE_ACTIVATED"}
{"ts":1763472503456,"action":"IDE_DEACTIVATED"}
{"ts":1763472694927,"action":"IDE_ACTIVATED"}
{"ts":1763472701276,"action":"IDE_DEACTIVATED"}
{"ts":1763472711171,"action":"IDE_ACTIVATED"}
{"ts":1763472731803,"action":"IDE_DEACTIVATED"}
{"ts":1763472800659,"action":"IDE_ACTIVATED"}
{"ts":1763472833995,"action":"IDE_DEACTIVATED"}
{"ts":1763472872465,"action":"IDE_ACTIVATED"}
{"ts":1763472940158,"action":"IDE_DEACTIVATED"}
{"ts":1763473262993,"action":"IDE_ACTIVATED"}
{"ts":1763473336668,"action":"IDE_DEACTIVATED"}
{"ts":1763473380785,"action":"IDE_ACTIVATED"}
{"ts":1763473382544,"action":"IDE_DEACTIVATED"}
{"ts":1763473386441,"action":"IDE_ACTIVATED"}
{"ts":1763473388541,"action":"IDE_DEACTIVATED"}
{"ts":1763473398057,"action":"FILE_CLOSED","file":"/.env.local","tags":{"FILE_LINE_OF_CODE":"31"}}
{"ts":1763473449618,"action":"IDE_ACTIVATED"}
{"ts":1763473464749,"action":"FILE_OPENED","file":"/.env.local","tags":{"FILE_LINE_OF_CODE":"31"}}
{"ts":1763473490398,"action":"IDE_DEACTIVATED"}
{"ts":1763473493468,"action":"IDE_ACTIVATED"}
{"ts":1763473518617,"action":"IDE_DEACTIVATED"}
{"ts":1763473531544,"action":"IDE_ACTIVATED"}
{"ts":1763473546181,"action":"IDE_DEACTIVATED"}
{"ts":1763473587657,"action":"IDE_ACTIVATED"}
{"ts":1763473607133,"action":"IDE_DEACTIVATED"}
{"ts":1763473612661,"action":"IDE_ACTIVATED"}
{"ts":1763473673406,"action":"IDE_DEACTIVATED"}
{"ts":1763473706762,"action":"IDE_ACTIVATED"}
{"ts":1763473730283,"action":"IDE_DEACTIVATED"}
{"ts":1763473734108,"action":"IDE_ACTIVATED"}
{"ts":1763473741449,"action":"IDE_DEACTIVATED"}
{"ts":1763473797714,"action":"IDE_ACTIVATED"}
{"ts":1763473818679,"action":"IDE_DEACTIVATED"}
{"ts":1763473836085,"action":"IDE_ACTIVATED"}
{"ts":1763473851463,"action":"IDE_DEACTIVATED"}
{"ts":1763473856256,"action":"IDE_ACTIVATED"}
{"ts":1763473934069,"action":"IDE_DEACTIVATED"}
{"ts":1763473954533,"action":"IDE_ACTIVATED"}
{"ts":1763473972580,"action":"IDE_DEACTIVATED"}
{"ts":1763474050892,"action":"IDE_ACTIVATED"}
{"ts":1763474135041,"action":"IDE_DEACTIVATED"}
{"ts":1763474585550,"action":"IDE_ACTIVATED"}
{"ts":1763474611007,"action":"IDE_DEACTIVATED"}
{"ts":1763474659185,"action":"IDE_ACTIVATED"}
{"ts":1763474864078,"action":"IDE_DEACTIVATED"}
{"ts":1763474891501,"action":"IDE_ACTIVATED"}
{"ts":1763474952714,"action":"IDE_DEACTIVATED"}
{"ts":1763474993373,"action":"IDE_ACTIVATED"}
{"ts":1763475026287,"action":"IDE_DEACTIVATED"}
{"ts":1763475042707,"action":"IDE_ACTIVATED"}
{"ts":1763475068772,"action":"IDE_DEACTIVATED"}
{"ts":1763475089329,"action":"IDE_ACTIVATED"}
{"ts":1763475092737,"action":"IDE_DEACTIVATED"}
{"ts":1763475097559,"action":"IDE_ACTIVATED"}
{"ts":1763475104461,"action":"IDE_DEACTIVATED"}
{"ts":1763475140693,"action":"IDE_ACTIVATED"}
{"ts":1763475154002,"action":"IDE_DEACTIVATED"}
{"ts":1763475156994,"action":"IDE_ACTIVATED"}
{"ts":1763475160067,"action":"IDE_DEACTIVATED"}
{"ts":1763475244599,"action":"IDE_ACTIVATED"}
{"ts":1763475266395,"action":"IDE_DEACTIVATED"}
{"ts":1763475300567,"action":"IDE_ACTIVATED"}
{"ts":1763475321492,"action":"IDE_DEACTIVATED"}
{"ts":1763475401144,"action":"IDE_ACTIVATED"}
{"ts":1763475407742,"action":"IDE_DEACTIVATED"}
{"ts":1763475418945,"action":"IDE_ACTIVATED"}
{"ts":1763475443214,"action":"IDE_DEACTIVATED"}
{"ts":1763475524720,"action":"IDE_ACTIVATED"}
{"ts":1763475541889,"action":"IDE_DEACTIVATED"}
{"ts":1763475576821,"action":"IDE_ACTIVATED"}
{"ts":1763475612398,"action":"IDE_DEACTIVATED"}
{"ts":1763475711652,"action":"IDE_ACTIVATED"}
{"ts":1763475730791,"action":"IDE_DEACTIVATED"}
{"ts":1763475777681,"action":"IDE_ACTIVATED"}
{"ts":1763475835383,"action":"IDE_DEACTIVATED"}
{"ts":1763476020348,"action":"IDE_ACTIVATED"}
{"ts":1763476022894,"action":"IDE_DEACTIVATED"}
{"ts":1763476046943,"action":"IDE_ACTIVATED"}
{"ts":1763476050706,"action":"IDE_DEACTIVATED"}
{"ts":1763476160129,"action":"IDE_ACTIVATED"}
{"ts":1763476175163,"action":"IDE_DEACTIVATED"}
{"ts":1763476243175,"action":"IDE_ACTIVATED"}
{"ts":1763476256165,"action":"IDE_DEACTIVATED"}
{"ts":1763476303421,"action":"IDE_ACTIVATED"}
{"ts":1763476319400,"action":"IDE_DEACTIVATED"}
{"ts":1763476355608,"action":"IDE_ACTIVATED"}
{"ts":1763476358156,"action":"IDE_DEACTIVATED"}
{"ts":1763476414409,"action":"IDE_ACTIVATED"}
{"ts":1763476461345,"action":"IDE_DEACTIVATED"}
{"ts":1763476567728,"action":"IDE_ACTIVATED"}
{"ts":1763476575644,"action":"IDE_DEACTIVATED"}
